{"D:\\foodfast_delivery\\backend\\src\\app.js": {"path":"D:\\foodfast_delivery\\backend\\src\\app.js","statementMap":{"0":{"start":{"line":1,"column":16},"end":{"line":1,"column":34}},"1":{"start":{"line":2,"column":13},"end":{"line":2,"column":28}},"2":{"start":{"line":3,"column":21},"end":{"line":3,"column":52}},"3":{"start":{"line":5,"column":12},"end":{"line":5,"column":21}},"4":{"start":{"line":7,"column":0},"end":{"line":7,"column":16}},"5":{"start":{"line":8,"column":0},"end":{"line":8,"column":24}},"6":{"start":{"line":11,"column":0},"end":{"line":13,"column":3}},"7":{"start":{"line":12,"column":2},"end":{"line":12,"column":25}},"8":{"start":{"line":16,"column":0},"end":{"line":16,"column":22}},"9":{"start":{"line":18,"column":0},"end":{"line":18,"column":21}}},"fnMap":{"0":{"name":"(anonymous_0)","decl":{"start":{"line":11,"column":21},"end":{"line":11,"column":22}},"loc":{"start":{"line":11,"column":35},"end":{"line":13,"column":1}},"line":11}},"branchMap":{},"s":{"0":1,"1":1,"2":1,"3":1,"4":1,"5":1,"6":1,"7":1,"8":1,"9":1},"f":{"0":1},"b":{},"_coverageSchema":"1a1c01bbd47fc00a2c39e90264f33305004495a9","hash":"38a45ae808480546ed05eec613e040ac3896251f"}
,"D:\\foodfast_delivery\\backend\\src\\config\\db.js": {"path":"D:\\foodfast_delivery\\backend\\src\\config\\db.js","statementMap":{"0":{"start":{"line":1,"column":0},"end":{"line":1,"column":27}},"1":{"start":{"line":2,"column":22},"end":{"line":2,"column":42}},"2":{"start":{"line":4,"column":18},"end":{"line":24,"column":1}},"3":{"start":{"line":26,"column":18},"end":{"line":39,"column":1}},"4":{"start":{"line":27,"column":2},"end":{"line":38,"column":3}},"5":{"start":{"line":28,"column":4},"end":{"line":28,"column":35}},"6":{"start":{"line":29,"column":4},"end":{"line":29,"column":35}},"7":{"start":{"line":30,"column":4},"end":{"line":34,"column":5}},"8":{"start":{"line":31,"column":6},"end":{"line":31,"column":80}},"9":{"start":{"line":33,"column":6},"end":{"line":33,"column":88}},"10":{"start":{"line":36,"column":4},"end":{"line":36,"column":44}},"11":{"start":{"line":37,"column":4},"end":{"line":37,"column":20}},"12":{"start":{"line":41,"column":0},"end":{"line":41,"column":42}}},"fnMap":{"0":{"name":"(anonymous_0)","decl":{"start":{"line":26,"column":18},"end":{"line":26,"column":19}},"loc":{"start":{"line":26,"column":30},"end":{"line":39,"column":1}},"line":26}},"branchMap":{"0":{"loc":{"start":{"line":33,"column":71},"end":{"line":33,"column":86}},"type":"binary-expr","locations":[{"start":{"line":33,"column":71},"end":{"line":33,"column":81}},{"start":{"line":33,"column":85},"end":{"line":33,"column":86}}],"line":33}},"s":{"0":25,"1":25,"2":25,"3":25,"4":3,"5":3,"6":2,"7":2,"8":2,"9":1,"10":1,"11":1,"12":25},"f":{"0":3},"b":{"0":[1,0]},"_coverageSchema":"1a1c01bbd47fc00a2c39e90264f33305004495a9","hash":"808beb9801d1aec74097f9c23962c4ccd8947a61"}
,"D:\\foodfast_delivery\\backend\\src\\controllers\\checkoutSuccessController.js": {"path":"D:\\foodfast_delivery\\backend\\src\\controllers\\checkoutSuccessController.js","statementMap":{"0":{"start":{"line":1,"column":15},"end":{"line":1,"column":32}},"1":{"start":{"line":2,"column":15},"end":{"line":2,"column":52}},"2":{"start":{"line":3,"column":18},"end":{"line":3,"column":44}},"3":{"start":{"line":4,"column":24},"end":{"line":4,"column":56}},"4":{"start":{"line":5,"column":17},"end":{"line":5,"column":42}},"5":{"start":{"line":7,"column":0},"end":{"line":36,"column":2}},"6":{"start":{"line":8,"column":2},"end":{"line":35,"column":3}},"7":{"start":{"line":9,"column":23},"end":{"line":9,"column":43}},"8":{"start":{"line":10,"column":4},"end":{"line":10,"column":84}},"9":{"start":{"line":10,"column":21},"end":{"line":10,"column":84}},"10":{"start":{"line":11,"column":20},"end":{"line":11,"column":71}},"11":{"start":{"line":12,"column":22},"end":{"line":12,"column":78}},"12":{"start":{"line":14,"column":18},"end":{"line":19,"column":6}},"13":{"start":{"line":21,"column":4},"end":{"line":30,"column":5}},"14":{"start":{"line":23,"column":19},"end":{"line":23,"column":76}},"15":{"start":{"line":24,"column":6},"end":{"line":29,"column":9}},"16":{"start":{"line":31,"column":4},"end":{"line":31,"column":36}},"17":{"start":{"line":33,"column":4},"end":{"line":33,"column":50}},"18":{"start":{"line":34,"column":4},"end":{"line":34,"column":49}}},"fnMap":{"0":{"name":"(anonymous_0)","decl":{"start":{"line":7,"column":32},"end":{"line":7,"column":33}},"loc":{"start":{"line":7,"column":52},"end":{"line":36,"column":1}},"line":7}},"branchMap":{"0":{"loc":{"start":{"line":10,"column":4},"end":{"line":10,"column":84}},"type":"if","locations":[{"start":{"line":10,"column":4},"end":{"line":10,"column":84}},{"start":{},"end":{}}],"line":10},"1":{"loc":{"start":{"line":26,"column":16},"end":{"line":26,"column":37}},"type":"cond-expr","locations":[{"start":{"line":26,"column":23},"end":{"line":26,"column":30}},{"start":{"line":26,"column":33},"end":{"line":26,"column":37}}],"line":26}},"s":{"0":2,"1":2,"2":2,"3":2,"4":2,"5":2,"6":4,"7":4,"8":4,"9":1,"10":3,"11":3,"12":3,"13":1,"14":1,"15":1,"16":1,"17":2,"18":2},"f":{"0":4},"b":{"0":[1,3],"1":[1,0]},"_coverageSchema":"1a1c01bbd47fc00a2c39e90264f33305004495a9","hash":"ef62f5250437ee7054ec7871e1f1d3429494c3a2"}
,"D:\\foodfast_delivery\\backend\\src\\controllers\\menuController.js": {"path":"D:\\foodfast_delivery\\backend\\src\\controllers\\menuController.js","statementMap":{"0":{"start":{"line":1,"column":15},"end":{"line":1,"column":35}},"1":{"start":{"line":3,"column":29},"end":{"line":3,"column":49}},"2":{"start":{"line":5,"column":0},"end":{"line":40,"column":2}},"3":{"start":{"line":6,"column":2},"end":{"line":39,"column":3}},"4":{"start":{"line":7,"column":60},"end":{"line":7,"column":69}},"5":{"start":{"line":8,"column":30},"end":{"line":8,"column":80}},"6":{"start":{"line":9,"column":16},"end":{"line":9,"column":18}},"7":{"start":{"line":10,"column":4},"end":{"line":14,"column":5}},"8":{"start":{"line":11,"column":6},"end":{"line":11,"column":28}},"9":{"start":{"line":12,"column":11},"end":{"line":14,"column":5}},"10":{"start":{"line":13,"column":6},"end":{"line":13,"column":30}},"11":{"start":{"line":15,"column":4},"end":{"line":20,"column":5}},"12":{"start":{"line":16,"column":30},"end":{"line":16,"column":50}},"13":{"start":{"line":17,"column":6},"end":{"line":19,"column":7}},"14":{"start":{"line":18,"column":8},"end":{"line":18,"column":45}},"15":{"start":{"line":21,"column":4},"end":{"line":23,"column":5}},"16":{"start":{"line":22,"column":6},"end":{"line":22,"column":48}},"17":{"start":{"line":25,"column":26},"end":{"line":25,"column":78}},"18":{"start":{"line":27,"column":18},"end":{"line":27,"column":20}},"19":{"start":{"line":29,"column":28},"end":{"line":29,"column":65}},"20":{"start":{"line":30,"column":2},"end":{"line":30,"column":108}},"21":{"start":{"line":30,"column":66},"end":{"line":30,"column":108}},"22":{"start":{"line":31,"column":2},"end":{"line":31,"column":34}},"23":{"start":{"line":33,"column":16},"end":{"line":33,"column":54}},"24":{"start":{"line":34,"column":4},"end":{"line":34,"column":20}},"25":{"start":{"line":36,"column":4},"end":{"line":36,"column":57}},"26":{"start":{"line":38,"column":4},"end":{"line":38,"column":51}},"27":{"start":{"line":43,"column":0},"end":{"line":50,"column":2}},"28":{"start":{"line":44,"column":2},"end":{"line":49,"column":3}},"29":{"start":{"line":45,"column":17},"end":{"line":45,"column":44}},"30":{"start":{"line":46,"column":4},"end":{"line":46,"column":31}},"31":{"start":{"line":48,"column":4},"end":{"line":48,"column":51}},"32":{"start":{"line":52,"column":0},"end":{"line":70,"column":2}},"33":{"start":{"line":53,"column":2},"end":{"line":69,"column":3}},"34":{"start":{"line":54,"column":17},"end":{"line":54,"column":51}},"35":{"start":{"line":55,"column":4},"end":{"line":55,"column":69}},"36":{"start":{"line":55,"column":15},"end":{"line":55,"column":69}},"37":{"start":{"line":57,"column":20},"end":{"line":64,"column":6}},"38":{"start":{"line":65,"column":4},"end":{"line":65,"column":32}},"39":{"start":{"line":67,"column":4},"end":{"line":67,"column":62}},"40":{"start":{"line":68,"column":4},"end":{"line":68,"column":51}},"41":{"start":{"line":72,"column":0},"end":{"line":82,"column":2}},"42":{"start":{"line":73,"column":2},"end":{"line":81,"column":3}},"43":{"start":{"line":74,"column":17},"end":{"line":74,"column":51}},"44":{"start":{"line":75,"column":4},"end":{"line":75,"column":69}},"45":{"start":{"line":75,"column":15},"end":{"line":75,"column":69}},"46":{"start":{"line":76,"column":4},"end":{"line":76,"column":32}},"47":{"start":{"line":77,"column":4},"end":{"line":77,"column":19}},"48":{"start":{"line":79,"column":4},"end":{"line":79,"column":59}},"49":{"start":{"line":80,"column":4},"end":{"line":80,"column":51}},"50":{"start":{"line":84,"column":0},"end":{"line":95,"column":2}},"51":{"start":{"line":85,"column":2},"end":{"line":94,"column":3}},"52":{"start":{"line":86,"column":17},"end":{"line":86,"column":51}},"53":{"start":{"line":87,"column":4},"end":{"line":87,"column":69}},"54":{"start":{"line":87,"column":15},"end":{"line":87,"column":69}},"55":{"start":{"line":89,"column":4},"end":{"line":89,"column":44}},"56":{"start":{"line":90,"column":4},"end":{"line":90,"column":36}},"57":{"start":{"line":92,"column":4},"end":{"line":92,"column":59}},"58":{"start":{"line":93,"column":4},"end":{"line":93,"column":51}}},"fnMap":{"0":{"name":"(anonymous_0)","decl":{"start":{"line":5,"column":19},"end":{"line":5,"column":20}},"loc":{"start":{"line":5,"column":39},"end":{"line":40,"column":1}},"line":5},"1":{"name":"(anonymous_1)","decl":{"start":{"line":43,"column":21},"end":{"line":43,"column":22}},"loc":{"start":{"line":43,"column":41},"end":{"line":50,"column":1}},"line":43},"2":{"name":"(anonymous_2)","decl":{"start":{"line":52,"column":24},"end":{"line":52,"column":25}},"loc":{"start":{"line":52,"column":44},"end":{"line":70,"column":1}},"line":52},"3":{"name":"(anonymous_3)","decl":{"start":{"line":72,"column":21},"end":{"line":72,"column":22}},"loc":{"start":{"line":72,"column":41},"end":{"line":82,"column":1}},"line":72},"4":{"name":"(anonymous_4)","decl":{"start":{"line":84,"column":21},"end":{"line":84,"column":22}},"loc":{"start":{"line":84,"column":41},"end":{"line":95,"column":1}},"line":84}},"branchMap":{"0":{"loc":{"start":{"line":8,"column":30},"end":{"line":8,"column":80}},"type":"binary-expr","locations":[{"start":{"line":8,"column":30},"end":{"line":8,"column":54}},{"start":{"line":8,"column":58},"end":{"line":8,"column":80}}],"line":8},"1":{"loc":{"start":{"line":10,"column":4},"end":{"line":14,"column":5}},"type":"if","locations":[{"start":{"line":10,"column":4},"end":{"line":14,"column":5}},{"start":{"line":12,"column":11},"end":{"line":14,"column":5}}],"line":10},"2":{"loc":{"start":{"line":12,"column":11},"end":{"line":14,"column":5}},"type":"if","locations":[{"start":{"line":12,"column":11},"end":{"line":14,"column":5}},{"start":{},"end":{}}],"line":12},"3":{"loc":{"start":{"line":15,"column":4},"end":{"line":20,"column":5}},"type":"if","locations":[{"start":{"line":15,"column":4},"end":{"line":20,"column":5}},{"start":{},"end":{}}],"line":15},"4":{"loc":{"start":{"line":17,"column":6},"end":{"line":19,"column":7}},"type":"if","locations":[{"start":{"line":17,"column":6},"end":{"line":19,"column":7}},{"start":{},"end":{}}],"line":17},"5":{"loc":{"start":{"line":21,"column":4},"end":{"line":23,"column":5}},"type":"if","locations":[{"start":{"line":21,"column":4},"end":{"line":23,"column":5}},{"start":{},"end":{}}],"line":21},"6":{"loc":{"start":{"line":21,"column":8},"end":{"line":21,"column":38}},"type":"binary-expr","locations":[{"start":{"line":21,"column":8},"end":{"line":21,"column":14}},{"start":{"line":21,"column":18},"end":{"line":21,"column":38}}],"line":21},"7":{"loc":{"start":{"line":25,"column":26},"end":{"line":25,"column":78}},"type":"cond-expr","locations":[{"start":{"line":25,"column":46},"end":{"line":25,"column":55}},{"start":{"line":25,"column":58},"end":{"line":25,"column":78}}],"line":25},"8":{"loc":{"start":{"line":30,"column":2},"end":{"line":30,"column":108}},"type":"if","locations":[{"start":{"line":30,"column":2},"end":{"line":30,"column":108}},{"start":{},"end":{}}],"line":30},"9":{"loc":{"start":{"line":30,"column":6},"end":{"line":30,"column":64}},"type":"binary-expr","locations":[{"start":{"line":30,"column":6},"end":{"line":30,"column":21}},{"start":{"line":30,"column":25},"end":{"line":30,"column":64}}],"line":30},"10":{"loc":{"start":{"line":55,"column":4},"end":{"line":55,"column":69}},"type":"if","locations":[{"start":{"line":55,"column":4},"end":{"line":55,"column":69}},{"start":{},"end":{}}],"line":55},"11":{"loc":{"start":{"line":75,"column":4},"end":{"line":75,"column":69}},"type":"if","locations":[{"start":{"line":75,"column":4},"end":{"line":75,"column":69}},{"start":{},"end":{}}],"line":75},"12":{"loc":{"start":{"line":87,"column":4},"end":{"line":87,"column":69}},"type":"if","locations":[{"start":{"line":87,"column":4},"end":{"line":87,"column":69}},{"start":{},"end":{}}],"line":87}},"s":{"0":2,"1":2,"2":2,"3":1,"4":1,"5":1,"6":1,"7":1,"8":0,"9":1,"10":1,"11":1,"12":0,"13":0,"14":0,"15":1,"16":0,"17":1,"18":1,"19":1,"20":1,"21":1,"22":1,"23":1,"24":1,"25":0,"26":0,"27":2,"28":1,"29":1,"30":1,"31":0,"32":2,"33":1,"34":1,"35":1,"36":1,"37":0,"38":0,"39":0,"40":0,"41":2,"42":1,"43":1,"44":1,"45":0,"46":1,"47":1,"48":0,"49":0,"50":2,"51":1,"52":1,"53":1,"54":0,"55":1,"56":1,"57":0,"58":0},"f":{"0":1,"1":1,"2":1,"3":1,"4":1},"b":{"0":[1,1],"1":[0,1],"2":[1,0],"3":[0,1],"4":[0,0],"5":[0,1],"6":[1,0],"7":[0,1],"8":[1,0],"9":[1,1],"10":[1,0],"11":[0,1],"12":[0,1]},"_coverageSchema":"1a1c01bbd47fc00a2c39e90264f33305004495a9","hash":"b75b4e7d7ad54eeb011241e3481731a4d835f672"}
,"D:\\foodfast_delivery\\backend\\src\\controllers\\orderController.js": {"path":"D:\\foodfast_delivery\\backend\\src\\controllers\\orderController.js","statementMap":{"0":{"start":{"line":2,"column":0},"end":{"line":4,"column":1}},"1":{"start":{"line":3,"column":2},"end":{"line":3,"column":106}},"2":{"start":{"line":5,"column":0},"end":{"line":7,"column":2}},"3":{"start":{"line":6,"column":2},"end":{"line":6,"column":101}},"4":{"start":{"line":8,"column":15},"end":{"line":8,"column":32}},"5":{"start":{"line":9,"column":15},"end":{"line":9,"column":52}},"6":{"start":{"line":11,"column":0},"end":{"line":31,"column":2}},"7":{"start":{"line":12,"column":2},"end":{"line":12,"column":77}},"8":{"start":{"line":13,"column":2},"end":{"line":30,"column":3}},"9":{"start":{"line":14,"column":26},"end":{"line":14,"column":36}},"10":{"start":{"line":15,"column":4},"end":{"line":15,"column":95}},"11":{"start":{"line":17,"column":16},"end":{"line":17,"column":72}},"12":{"start":{"line":18,"column":4},"end":{"line":24,"column":5}},"13":{"start":{"line":19,"column":6},"end":{"line":19,"column":81}},"14":{"start":{"line":21,"column":24},"end":{"line":21,"column":79}},"15":{"start":{"line":22,"column":6},"end":{"line":22,"column":176}},"16":{"start":{"line":22,"column":80},"end":{"line":22,"column":172}},"17":{"start":{"line":23,"column":6},"end":{"line":23,"column":74}},"18":{"start":{"line":25,"column":4},"end":{"line":25,"column":85}},"19":{"start":{"line":26,"column":4},"end":{"line":26,"column":20}},"20":{"start":{"line":28,"column":4},"end":{"line":28,"column":73}},"21":{"start":{"line":29,"column":4},"end":{"line":29,"column":51}},"22":{"start":{"line":32,"column":22},"end":{"line":32,"column":45}},"23":{"start":{"line":33,"column":25},"end":{"line":33,"column":45}},"24":{"start":{"line":37,"column":24},"end":{"line":37,"column":28}},"25":{"start":{"line":38,"column":2},"end":{"line":55,"column":5}},"26":{"start":{"line":40,"column":18},"end":{"line":40,"column":88}},"27":{"start":{"line":41,"column":4},"end":{"line":41,"column":51}},"28":{"start":{"line":41,"column":16},"end":{"line":41,"column":51}},"29":{"start":{"line":42,"column":4},"end":{"line":45,"column":5}},"30":{"start":{"line":43,"column":6},"end":{"line":43,"column":38}},"31":{"start":{"line":44,"column":6},"end":{"line":44,"column":13}},"32":{"start":{"line":47,"column":18},"end":{"line":47,"column":110}},"33":{"start":{"line":48,"column":4},"end":{"line":48,"column":91}},"34":{"start":{"line":48,"column":16},"end":{"line":48,"column":91}},"35":{"start":{"line":49,"column":4},"end":{"line":49,"column":26}},"36":{"start":{"line":50,"column":4},"end":{"line":50,"column":41}},"37":{"start":{"line":51,"column":4},"end":{"line":51,"column":29}},"38":{"start":{"line":52,"column":4},"end":{"line":52,"column":30}},"39":{"start":{"line":53,"column":4},"end":{"line":53,"column":41}},"40":{"start":{"line":54,"column":4},"end":{"line":54,"column":31}},"41":{"start":{"line":58,"column":2},"end":{"line":58,"column":25}},"42":{"start":{"line":62,"column":0},"end":{"line":62,"column":58}},"43":{"start":{"line":65,"column":0},"end":{"line":104,"column":1}},"44":{"start":{"line":66,"column":2},"end":{"line":103,"column":3}},"45":{"start":{"line":67,"column":47},"end":{"line":67,"column":67}},"46":{"start":{"line":68,"column":29},"end":{"line":68,"column":38}},"47":{"start":{"line":71,"column":27},"end":{"line":81,"column":5}},"48":{"start":{"line":83,"column":17},"end":{"line":86,"column":6}},"49":{"start":{"line":89,"column":4},"end":{"line":97,"column":5}},"50":{"start":{"line":90,"column":6},"end":{"line":96,"column":9}},"51":{"start":{"line":92,"column":8},"end":{"line":92,"column":81}},"52":{"start":{"line":92,"column":68},"end":{"line":92,"column":81}},"53":{"start":{"line":93,"column":8},"end":{"line":95,"column":10}},"54":{"start":{"line":94,"column":10},"end":{"line":94,"column":68}},"55":{"start":{"line":99,"column":4},"end":{"line":99,"column":21}},"56":{"start":{"line":101,"column":4},"end":{"line":101,"column":46}},"57":{"start":{"line":102,"column":4},"end":{"line":102,"column":51}},"58":{"start":{"line":107,"column":0},"end":{"line":127,"column":2}},"59":{"start":{"line":108,"column":2},"end":{"line":126,"column":3}},"60":{"start":{"line":109,"column":57},"end":{"line":109,"column":65}},"61":{"start":{"line":111,"column":16},"end":{"line":111,"column":92}},"62":{"start":{"line":112,"column":4},"end":{"line":122,"column":5}},"63":{"start":{"line":113,"column":30},"end":{"line":113,"column":50}},"64":{"start":{"line":114,"column":6},"end":{"line":121,"column":7}},"65":{"start":{"line":115,"column":8},"end":{"line":120,"column":11}},"66":{"start":{"line":123,"column":4},"end":{"line":123,"column":32}},"67":{"start":{"line":125,"column":4},"end":{"line":125,"column":51}},"68":{"start":{"line":130,"column":0},"end":{"line":178,"column":2}},"69":{"start":{"line":131,"column":2},"end":{"line":177,"column":3}},"70":{"start":{"line":132,"column":19},"end":{"line":132,"column":29}},"71":{"start":{"line":133,"column":23},"end":{"line":133,"column":31}},"72":{"start":{"line":134,"column":4},"end":{"line":136,"column":5}},"73":{"start":{"line":135,"column":6},"end":{"line":135,"column":74}},"74":{"start":{"line":137,"column":18},"end":{"line":137,"column":42}},"75":{"start":{"line":138,"column":4},"end":{"line":138,"column":76}},"76":{"start":{"line":138,"column":16},"end":{"line":138,"column":76}},"77":{"start":{"line":140,"column":22},"end":{"line":140,"column":34}},"78":{"start":{"line":141,"column":4},"end":{"line":141,"column":26}},"79":{"start":{"line":142,"column":4},"end":{"line":142,"column":23}},"80":{"start":{"line":145,"column":4},"end":{"line":153,"column":5}},"81":{"start":{"line":146,"column":24},"end":{"line":146,"column":44}},"82":{"start":{"line":147,"column":20},"end":{"line":147,"column":55}},"83":{"start":{"line":148,"column":6},"end":{"line":152,"column":7}},"84":{"start":{"line":149,"column":8},"end":{"line":149,"column":35}},"85":{"start":{"line":150,"column":8},"end":{"line":150,"column":27}},"86":{"start":{"line":151,"column":8},"end":{"line":151,"column":92}},"87":{"start":{"line":156,"column":4},"end":{"line":169,"column":5}},"88":{"start":{"line":157,"column":6},"end":{"line":168,"column":7}},"89":{"start":{"line":158,"column":24},"end":{"line":158,"column":63}},"90":{"start":{"line":159,"column":8},"end":{"line":161,"column":9}},"91":{"start":{"line":160,"column":10},"end":{"line":160,"column":117}},"92":{"start":{"line":162,"column":8},"end":{"line":162,"column":130}},"93":{"start":{"line":164,"column":8},"end":{"line":166,"column":9}},"94":{"start":{"line":165,"column":10},"end":{"line":165,"column":91}},"95":{"start":{"line":167,"column":8},"end":{"line":167,"column":91}},"96":{"start":{"line":171,"column":4},"end":{"line":173,"column":5}},"97":{"start":{"line":172,"column":6},"end":{"line":172,"column":74}},"98":{"start":{"line":174,"column":4},"end":{"line":174,"column":74}},"99":{"start":{"line":176,"column":4},"end":{"line":176,"column":51}},"100":{"start":{"line":180,"column":0},"end":{"line":190,"column":2}},"101":{"start":{"line":181,"column":2},"end":{"line":189,"column":3}},"102":{"start":{"line":182,"column":4},"end":{"line":182,"column":60}},"103":{"start":{"line":183,"column":19},"end":{"line":183,"column":80}},"104":{"start":{"line":184,"column":4},"end":{"line":184,"column":49}},"105":{"start":{"line":185,"column":4},"end":{"line":185,"column":21}},"106":{"start":{"line":187,"column":4},"end":{"line":187,"column":47}},"107":{"start":{"line":188,"column":4},"end":{"line":188,"column":51}},"108":{"start":{"line":193,"column":0},"end":{"line":207,"column":2}},"109":{"start":{"line":194,"column":2},"end":{"line":206,"column":3}},"110":{"start":{"line":195,"column":19},"end":{"line":195,"column":29}},"111":{"start":{"line":196,"column":23},"end":{"line":196,"column":37}},"112":{"start":{"line":197,"column":18},"end":{"line":197,"column":42}},"113":{"start":{"line":198,"column":4},"end":{"line":198,"column":76}},"114":{"start":{"line":198,"column":16},"end":{"line":198,"column":76}},"115":{"start":{"line":199,"column":4},"end":{"line":199,"column":30}},"116":{"start":{"line":201,"column":4},"end":{"line":201,"column":39}},"117":{"start":{"line":202,"column":4},"end":{"line":202,"column":23}},"118":{"start":{"line":203,"column":4},"end":{"line":203,"column":58}},"119":{"start":{"line":205,"column":4},"end":{"line":205,"column":51}}},"fnMap":{"0":{"name":"(anonymous_0)","decl":{"start":{"line":2,"column":22},"end":{"line":2,"column":23}},"loc":{"start":{"line":2,"column":42},"end":{"line":4,"column":1}},"line":2},"1":{"name":"(anonymous_1)","decl":{"start":{"line":5,"column":24},"end":{"line":5,"column":25}},"loc":{"start":{"line":5,"column":44},"end":{"line":7,"column":1}},"line":5},"2":{"name":"(anonymous_2)","decl":{"start":{"line":11,"column":30},"end":{"line":11,"column":31}},"loc":{"start":{"line":11,"column":50},"end":{"line":31,"column":1}},"line":11},"3":{"name":"(anonymous_3)","decl":{"start":{"line":22,"column":74},"end":{"line":22,"column":75}},"loc":{"start":{"line":22,"column":80},"end":{"line":22,"column":172}},"line":22},"4":{"name":"autoAssignDroneForOrder","decl":{"start":{"line":36,"column":15},"end":{"line":36,"column":38}},"loc":{"start":{"line":36,"column":48},"end":{"line":59,"column":1}},"line":36},"5":{"name":"(anonymous_5)","decl":{"start":{"line":38,"column":30},"end":{"line":38,"column":31}},"loc":{"start":{"line":38,"column":43},"end":{"line":55,"column":3}},"line":38},"6":{"name":"(anonymous_6)","decl":{"start":{"line":65,"column":23},"end":{"line":65,"column":24}},"loc":{"start":{"line":65,"column":43},"end":{"line":104,"column":1}},"line":65},"7":{"name":"(anonymous_7)","decl":{"start":{"line":90,"column":29},"end":{"line":90,"column":30}},"loc":{"start":{"line":90,"column":38},"end":{"line":96,"column":7}},"line":90},"8":{"name":"(anonymous_8)","decl":{"start":{"line":93,"column":39},"end":{"line":93,"column":40}},"loc":{"start":{"line":94,"column":10},"end":{"line":94,"column":68}},"line":94},"9":{"name":"(anonymous_9)","decl":{"start":{"line":107,"column":22},"end":{"line":107,"column":23}},"loc":{"start":{"line":107,"column":42},"end":{"line":127,"column":1}},"line":107},"10":{"name":"(anonymous_10)","decl":{"start":{"line":130,"column":28},"end":{"line":130,"column":29}},"loc":{"start":{"line":130,"column":48},"end":{"line":178,"column":1}},"line":130},"11":{"name":"(anonymous_11)","decl":{"start":{"line":180,"column":24},"end":{"line":180,"column":25}},"loc":{"start":{"line":180,"column":44},"end":{"line":190,"column":1}},"line":180},"12":{"name":"(anonymous_12)","decl":{"start":{"line":193,"column":22},"end":{"line":193,"column":23}},"loc":{"start":{"line":193,"column":42},"end":{"line":207,"column":1}},"line":193}},"branchMap":{"0":{"loc":{"start":{"line":18,"column":4},"end":{"line":24,"column":5}},"type":"if","locations":[{"start":{"line":18,"column":4},"end":{"line":24,"column":5}},{"start":{},"end":{}}],"line":18},"1":{"loc":{"start":{"line":25,"column":46},"end":{"line":25,"column":83}},"type":"cond-expr","locations":[{"start":{"line":25,"column":61},"end":{"line":25,"column":75}},{"start":{"line":25,"column":78},"end":{"line":25,"column":83}}],"line":25},"2":{"loc":{"start":{"line":41,"column":4},"end":{"line":41,"column":51}},"type":"if","locations":[{"start":{"line":41,"column":4},"end":{"line":41,"column":51}},{"start":{},"end":{}}],"line":41},"3":{"loc":{"start":{"line":42,"column":4},"end":{"line":45,"column":5}},"type":"if","locations":[{"start":{"line":42,"column":4},"end":{"line":45,"column":5}},{"start":{},"end":{}}],"line":42},"4":{"loc":{"start":{"line":48,"column":4},"end":{"line":48,"column":91}},"type":"if","locations":[{"start":{"line":48,"column":4},"end":{"line":48,"column":91}},{"start":{},"end":{}}],"line":48},"5":{"loc":{"start":{"line":89,"column":4},"end":{"line":97,"column":5}},"type":"if","locations":[{"start":{"line":89,"column":4},"end":{"line":97,"column":5}},{"start":{},"end":{}}],"line":89},"6":{"loc":{"start":{"line":92,"column":8},"end":{"line":92,"column":81}},"type":"if","locations":[{"start":{"line":92,"column":8},"end":{"line":92,"column":81}},{"start":{},"end":{}}],"line":92},"7":{"loc":{"start":{"line":92,"column":12},"end":{"line":92,"column":66}},"type":"binary-expr","locations":[{"start":{"line":92,"column":12},"end":{"line":92,"column":31}},{"start":{"line":92,"column":35},"end":{"line":92,"column":66}}],"line":92},"8":{"loc":{"start":{"line":94,"column":10},"end":{"line":94,"column":68}},"type":"binary-expr","locations":[{"start":{"line":94,"column":10},"end":{"line":94,"column":17}},{"start":{"line":94,"column":21},"end":{"line":94,"column":68}}],"line":94},"9":{"loc":{"start":{"line":112,"column":4},"end":{"line":122,"column":5}},"type":"if","locations":[{"start":{"line":112,"column":4},"end":{"line":122,"column":5}},{"start":{},"end":{}}],"line":112},"10":{"loc":{"start":{"line":112,"column":8},"end":{"line":112,"column":48}},"type":"binary-expr","locations":[{"start":{"line":112,"column":8},"end":{"line":112,"column":28}},{"start":{"line":112,"column":32},"end":{"line":112,"column":48}}],"line":112},"11":{"loc":{"start":{"line":134,"column":4},"end":{"line":136,"column":5}},"type":"if","locations":[{"start":{"line":134,"column":4},"end":{"line":136,"column":5}},{"start":{},"end":{}}],"line":134},"12":{"loc":{"start":{"line":138,"column":4},"end":{"line":138,"column":76}},"type":"if","locations":[{"start":{"line":138,"column":4},"end":{"line":138,"column":76}},{"start":{},"end":{}}],"line":138},"13":{"loc":{"start":{"line":145,"column":4},"end":{"line":153,"column":5}},"type":"if","locations":[{"start":{"line":145,"column":4},"end":{"line":153,"column":5}},{"start":{},"end":{}}],"line":145},"14":{"loc":{"start":{"line":145,"column":8},"end":{"line":145,"column":66}},"type":"binary-expr","locations":[{"start":{"line":145,"column":8},"end":{"line":145,"column":25}},{"start":{"line":145,"column":29},"end":{"line":145,"column":42}},{"start":{"line":145,"column":46},"end":{"line":145,"column":66}}],"line":145},"15":{"loc":{"start":{"line":148,"column":6},"end":{"line":152,"column":7}},"type":"if","locations":[{"start":{"line":148,"column":6},"end":{"line":152,"column":7}},{"start":{},"end":{}}],"line":148},"16":{"loc":{"start":{"line":148,"column":10},"end":{"line":148,"column":47}},"type":"binary-expr","locations":[{"start":{"line":148,"column":10},"end":{"line":148,"column":15}},{"start":{"line":148,"column":19},"end":{"line":148,"column":47}}],"line":148},"17":{"loc":{"start":{"line":156,"column":4},"end":{"line":169,"column":5}},"type":"if","locations":[{"start":{"line":156,"column":4},"end":{"line":169,"column":5}},{"start":{},"end":{}}],"line":156},"18":{"loc":{"start":{"line":156,"column":8},"end":{"line":156,"column":47}},"type":"binary-expr","locations":[{"start":{"line":156,"column":8},"end":{"line":156,"column":29}},{"start":{"line":156,"column":33},"end":{"line":156,"column":47}}],"line":156},"19":{"loc":{"start":{"line":159,"column":8},"end":{"line":161,"column":9}},"type":"if","locations":[{"start":{"line":159,"column":8},"end":{"line":161,"column":9}},{"start":{},"end":{}}],"line":159},"20":{"loc":{"start":{"line":164,"column":8},"end":{"line":166,"column":9}},"type":"if","locations":[{"start":{"line":164,"column":8},"end":{"line":166,"column":9}},{"start":{},"end":{}}],"line":164},"21":{"loc":{"start":{"line":164,"column":12},"end":{"line":164,"column":38}},"type":"binary-expr","locations":[{"start":{"line":164,"column":12},"end":{"line":164,"column":13}},{"start":{"line":164,"column":17},"end":{"line":164,"column":38}}],"line":164},"22":{"loc":{"start":{"line":171,"column":4},"end":{"line":173,"column":5}},"type":"if","locations":[{"start":{"line":171,"column":4},"end":{"line":173,"column":5}},{"start":{},"end":{}}],"line":171},"23":{"loc":{"start":{"line":196,"column":23},"end":{"line":196,"column":37}},"type":"binary-expr","locations":[{"start":{"line":196,"column":23},"end":{"line":196,"column":31}},{"start":{"line":196,"column":35},"end":{"line":196,"column":37}}],"line":196},"24":{"loc":{"start":{"line":198,"column":4},"end":{"line":198,"column":76}},"type":"if","locations":[{"start":{"line":198,"column":4},"end":{"line":198,"column":76}},{"start":{},"end":{}}],"line":198},"25":{"loc":{"start":{"line":201,"column":24},"end":{"line":201,"column":38}},"type":"binary-expr","locations":[{"start":{"line":201,"column":24},"end":{"line":201,"column":30}},{"start":{"line":201,"column":34},"end":{"line":201,"column":38}}],"line":201}},"s":{"0":8,"1":2,"2":8,"3":2,"4":8,"5":8,"6":8,"7":4,"8":4,"9":4,"10":4,"11":4,"12":4,"13":3,"14":3,"15":3,"16":0,"17":1,"18":1,"19":1,"20":2,"21":2,"22":8,"23":8,"24":9,"25":9,"26":8,"27":8,"28":1,"29":7,"30":2,"31":2,"32":5,"33":3,"34":2,"35":1,"36":1,"37":1,"38":1,"39":1,"40":1,"41":3,"42":8,"43":8,"44":3,"45":3,"46":3,"47":3,"48":3,"49":2,"50":1,"51":2,"52":1,"53":1,"54":1,"55":2,"56":1,"57":1,"58":8,"59":6,"60":6,"61":6,"62":6,"63":3,"64":3,"65":3,"66":6,"67":0,"68":8,"69":10,"70":10,"71":10,"72":10,"73":2,"74":8,"75":8,"76":0,"77":8,"78":8,"79":8,"80":8,"81":2,"82":2,"83":2,"84":2,"85":2,"86":2,"87":8,"88":5,"89":5,"90":1,"91":0,"92":1,"93":4,"94":1,"95":3,"96":3,"97":1,"98":2,"99":0,"100":8,"101":2,"102":2,"103":2,"104":2,"105":2,"106":0,"107":0,"108":8,"109":3,"110":3,"111":3,"112":3,"113":3,"114":1,"115":2,"116":2,"117":2,"118":2,"119":0},"f":{"0":2,"1":2,"2":4,"3":0,"4":9,"5":8,"6":3,"7":2,"8":1,"9":6,"10":10,"11":2,"12":3},"b":{"0":[3,1],"1":[1,0],"2":[1,7],"3":[2,5],"4":[2,1],"5":[1,1],"6":[1,1],"7":[2,2],"8":[1,1],"9":[3,3],"10":[6,4],"11":[2,8],"12":[0,8],"13":[2,6],"14":[8,2,2],"15":[2,0],"16":[2,2],"17":[5,3],"18":[8,5],"19":[0,1],"20":[1,3],"21":[4,4],"22":[1,2],"23":[3,0],"24":[1,2],"25":[2,0]},"_coverageSchema":"1a1c01bbd47fc00a2c39e90264f33305004495a9","hash":"f32dbe6a82b5a6cf9288ebdc159e2606265f454d"}
,"D:\\foodfast_delivery\\backend\\src\\controllers\\paymentController.js": {"path":"D:\\foodfast_delivery\\backend\\src\\controllers\\paymentController.js","statementMap":{"0":{"start":{"line":1,"column":15},"end":{"line":1,"column":32}},"1":{"start":{"line":2,"column":15},"end":{"line":2,"column":52}},"2":{"start":{"line":4,"column":0},"end":{"line":16,"column":2}},"3":{"start":{"line":5,"column":2},"end":{"line":15,"column":3}},"4":{"start":{"line":6,"column":23},"end":{"line":6,"column":31}},"5":{"start":{"line":7,"column":26},"end":{"line":11,"column":6}},"6":{"start":{"line":12,"column":4},"end":{"line":12,"column":60}},"7":{"start":{"line":14,"column":4},"end":{"line":14,"column":49}}},"fnMap":{"0":{"name":"(anonymous_0)","decl":{"start":{"line":4,"column":30},"end":{"line":4,"column":31}},"loc":{"start":{"line":4,"column":50},"end":{"line":16,"column":1}},"line":4}},"branchMap":{},"s":{"0":2,"1":2,"2":2,"3":3,"4":3,"5":3,"6":3,"7":2},"f":{"0":3},"b":{},"_coverageSchema":"1a1c01bbd47fc00a2c39e90264f33305004495a9","hash":"a9b9802b6b614c01f62d673bb09761d93b8e8385"}
,"D:\\foodfast_delivery\\backend\\src\\controllers\\restaurantController.js": {"path":"D:\\foodfast_delivery\\backend\\src\\controllers\\restaurantController.js","statementMap":{"0":{"start":{"line":1,"column":29},"end":{"line":1,"column":49}},"1":{"start":{"line":3,"column":0},"end":{"line":78,"column":2}},"2":{"start":{"line":5,"column":4},"end":{"line":25,"column":5}},"3":{"start":{"line":6,"column":48},"end":{"line":6,"column":57}},"4":{"start":{"line":8,"column":32},"end":{"line":8,"column":82}},"5":{"start":{"line":9,"column":24},"end":{"line":9,"column":93}},"6":{"start":{"line":11,"column":24},"end":{"line":11,"column":59}},"7":{"start":{"line":12,"column":20},"end":{"line":12,"column":127}},"8":{"start":{"line":13,"column":24},"end":{"line":13,"column":100}},"9":{"start":{"line":16,"column":26},"end":{"line":16,"column":58}},"10":{"start":{"line":18,"column":6},"end":{"line":18,"column":88}},"11":{"start":{"line":18,"column":58},"end":{"line":18,"column":88}},"12":{"start":{"line":20,"column":26},"end":{"line":20,"column":85}},"13":{"start":{"line":21,"column":6},"end":{"line":21,"column":28}},"14":{"start":{"line":23,"column":6},"end":{"line":23,"column":63}},"15":{"start":{"line":24,"column":6},"end":{"line":24,"column":51}},"16":{"start":{"line":28,"column":4},"end":{"line":42,"column":5}},"17":{"start":{"line":29,"column":40},"end":{"line":29,"column":49}},"18":{"start":{"line":30,"column":32},"end":{"line":30,"column":82}},"19":{"start":{"line":31,"column":24},"end":{"line":31,"column":100}},"20":{"start":{"line":33,"column":22},"end":{"line":33,"column":54}},"21":{"start":{"line":34,"column":2},"end":{"line":34,"column":84}},"22":{"start":{"line":34,"column":54},"end":{"line":34,"column":84}},"23":{"start":{"line":36,"column":25},"end":{"line":36,"column":93}},"24":{"start":{"line":37,"column":6},"end":{"line":37,"column":75}},"25":{"start":{"line":37,"column":23},"end":{"line":37,"column":75}},"26":{"start":{"line":38,"column":6},"end":{"line":38,"column":27}},"27":{"start":{"line":40,"column":6},"end":{"line":40,"column":64}},"28":{"start":{"line":41,"column":6},"end":{"line":41,"column":51}},"29":{"start":{"line":45,"column":4},"end":{"line":56,"column":5}},"30":{"start":{"line":48,"column":22},"end":{"line":48,"column":37}},"31":{"start":{"line":49,"column":6},"end":{"line":51,"column":7}},"32":{"start":{"line":50,"column":8},"end":{"line":50,"column":63}},"33":{"start":{"line":52,"column":25},"end":{"line":52,"column":57}},"34":{"start":{"line":53,"column":6},"end":{"line":53,"column":39}},"35":{"start":{"line":55,"column":6},"end":{"line":55,"column":51}},"36":{"start":{"line":59,"column":4},"end":{"line":66,"column":5}},"37":{"start":{"line":60,"column":25},"end":{"line":60,"column":65}},"38":{"start":{"line":61,"column":6},"end":{"line":61,"column":75}},"39":{"start":{"line":61,"column":23},"end":{"line":61,"column":75}},"40":{"start":{"line":62,"column":6},"end":{"line":62,"column":40}},"41":{"start":{"line":63,"column":6},"end":{"line":63,"column":27}},"42":{"start":{"line":65,"column":6},"end":{"line":65,"column":51}},"43":{"start":{"line":69,"column":4},"end":{"line":76,"column":5}},"44":{"start":{"line":70,"column":25},"end":{"line":70,"column":65}},"45":{"start":{"line":71,"column":6},"end":{"line":71,"column":75}},"46":{"start":{"line":71,"column":23},"end":{"line":71,"column":75}},"47":{"start":{"line":72,"column":6},"end":{"line":72,"column":52}},"48":{"start":{"line":73,"column":6},"end":{"line":73,"column":38}},"49":{"start":{"line":75,"column":6},"end":{"line":75,"column":51}}},"fnMap":{"0":{"name":"(anonymous_0)","decl":{"start":{"line":4,"column":2},"end":{"line":4,"column":3}},"loc":{"start":{"line":4,"column":25},"end":{"line":26,"column":3}},"line":4},"1":{"name":"(anonymous_1)","decl":{"start":{"line":27,"column":2},"end":{"line":27,"column":3}},"loc":{"start":{"line":27,"column":26},"end":{"line":43,"column":3}},"line":27},"2":{"name":"(anonymous_2)","decl":{"start":{"line":44,"column":2},"end":{"line":44,"column":3}},"loc":{"start":{"line":44,"column":25},"end":{"line":57,"column":3}},"line":44},"3":{"name":"(anonymous_3)","decl":{"start":{"line":58,"column":2},"end":{"line":58,"column":3}},"loc":{"start":{"line":58,"column":25},"end":{"line":67,"column":3}},"line":58},"4":{"name":"(anonymous_4)","decl":{"start":{"line":68,"column":2},"end":{"line":68,"column":3}},"loc":{"start":{"line":68,"column":25},"end":{"line":77,"column":3}},"line":68}},"branchMap":{"0":{"loc":{"start":{"line":8,"column":32},"end":{"line":8,"column":82}},"type":"binary-expr","locations":[{"start":{"line":8,"column":32},"end":{"line":8,"column":56}},{"start":{"line":8,"column":60},"end":{"line":8,"column":82}}],"line":8},"1":{"loc":{"start":{"line":9,"column":24},"end":{"line":9,"column":93}},"type":"cond-expr","locations":[{"start":{"line":9,"column":33},"end":{"line":9,"column":43}},{"start":{"line":9,"column":47},"end":{"line":9,"column":92}}],"line":9},"2":{"loc":{"start":{"line":9,"column":47},"end":{"line":9,"column":92}},"type":"cond-expr","locations":[{"start":{"line":9,"column":67},"end":{"line":9,"column":69}},{"start":{"line":9,"column":72},"end":{"line":9,"column":92}}],"line":9},"3":{"loc":{"start":{"line":11,"column":24},"end":{"line":11,"column":59}},"type":"cond-expr","locations":[{"start":{"line":11,"column":33},"end":{"line":11,"column":47}},{"start":{"line":11,"column":50},"end":{"line":11,"column":59}}],"line":11},"4":{"loc":{"start":{"line":12,"column":20},"end":{"line":12,"column":127}},"type":"cond-expr","locations":[{"start":{"line":12,"column":80},"end":{"line":12,"column":115}},{"start":{"line":12,"column":118},"end":{"line":12,"column":127}}],"line":12},"5":{"loc":{"start":{"line":12,"column":20},"end":{"line":12,"column":77}},"type":"binary-expr","locations":[{"start":{"line":12,"column":20},"end":{"line":12,"column":49}},{"start":{"line":12,"column":53},"end":{"line":12,"column":77}}],"line":12},"6":{"loc":{"start":{"line":13,"column":24},"end":{"line":13,"column":100}},"type":"cond-expr","locations":[{"start":{"line":13,"column":33},"end":{"line":13,"column":43}},{"start":{"line":13,"column":47},"end":{"line":13,"column":99}}],"line":13},"7":{"loc":{"start":{"line":13,"column":47},"end":{"line":13,"column":99}},"type":"cond-expr","locations":[{"start":{"line":13,"column":67},"end":{"line":13,"column":76}},{"start":{"line":13,"column":79},"end":{"line":13,"column":99}}],"line":13},"8":{"loc":{"start":{"line":18,"column":6},"end":{"line":18,"column":88}},"type":"if","locations":[{"start":{"line":18,"column":6},"end":{"line":18,"column":88}},{"start":{},"end":{}}],"line":18},"9":{"loc":{"start":{"line":18,"column":10},"end":{"line":18,"column":56}},"type":"binary-expr","locations":[{"start":{"line":18,"column":10},"end":{"line":18,"column":19}},{"start":{"line":18,"column":23},"end":{"line":18,"column":56}}],"line":18},"10":{"loc":{"start":{"line":30,"column":32},"end":{"line":30,"column":82}},"type":"binary-expr","locations":[{"start":{"line":30,"column":32},"end":{"line":30,"column":56}},{"start":{"line":30,"column":60},"end":{"line":30,"column":82}}],"line":30},"11":{"loc":{"start":{"line":31,"column":24},"end":{"line":31,"column":100}},"type":"cond-expr","locations":[{"start":{"line":31,"column":33},"end":{"line":31,"column":43}},{"start":{"line":31,"column":47},"end":{"line":31,"column":99}}],"line":31},"12":{"loc":{"start":{"line":31,"column":47},"end":{"line":31,"column":99}},"type":"cond-expr","locations":[{"start":{"line":31,"column":67},"end":{"line":31,"column":76}},{"start":{"line":31,"column":79},"end":{"line":31,"column":99}}],"line":31},"13":{"loc":{"start":{"line":34,"column":2},"end":{"line":34,"column":84}},"type":"if","locations":[{"start":{"line":34,"column":2},"end":{"line":34,"column":84}},{"start":{},"end":{}}],"line":34},"14":{"loc":{"start":{"line":34,"column":6},"end":{"line":34,"column":52}},"type":"binary-expr","locations":[{"start":{"line":34,"column":6},"end":{"line":34,"column":15}},{"start":{"line":34,"column":19},"end":{"line":34,"column":52}}],"line":34},"15":{"loc":{"start":{"line":37,"column":6},"end":{"line":37,"column":75}},"type":"if","locations":[{"start":{"line":37,"column":6},"end":{"line":37,"column":75}},{"start":{},"end":{}}],"line":37},"16":{"loc":{"start":{"line":49,"column":6},"end":{"line":51,"column":7}},"type":"if","locations":[{"start":{"line":49,"column":6},"end":{"line":51,"column":7}},{"start":{},"end":{}}],"line":49},"17":{"loc":{"start":{"line":50,"column":25},"end":{"line":50,"column":62}},"type":"cond-expr","locations":[{"start":{"line":50,"column":42},"end":{"line":50,"column":51}},{"start":{"line":50,"column":54},"end":{"line":50,"column":62}}],"line":50},"18":{"loc":{"start":{"line":61,"column":6},"end":{"line":61,"column":75}},"type":"if","locations":[{"start":{"line":61,"column":6},"end":{"line":61,"column":75}},{"start":{},"end":{}}],"line":61},"19":{"loc":{"start":{"line":71,"column":6},"end":{"line":71,"column":75}},"type":"if","locations":[{"start":{"line":71,"column":6},"end":{"line":71,"column":75}},{"start":{},"end":{}}],"line":71}},"s":{"0":3,"1":3,"2":2,"3":2,"4":2,"5":2,"6":2,"7":2,"8":2,"9":2,"10":2,"11":2,"12":2,"13":2,"14":0,"15":0,"16":1,"17":1,"18":1,"19":1,"20":1,"21":1,"22":1,"23":1,"24":1,"25":1,"26":0,"27":0,"28":0,"29":2,"30":2,"31":2,"32":2,"33":2,"34":2,"35":0,"36":3,"37":3,"38":3,"39":2,"40":1,"41":1,"42":0,"43":2,"44":2,"45":2,"46":0,"47":2,"48":2,"49":0},"f":{"0":2,"1":1,"2":2,"3":3,"4":2},"b":{"0":[2,2],"1":[0,2],"2":[0,2],"3":[0,2],"4":[0,2],"5":[2,0],"6":[0,2],"7":[0,2],"8":[2,0],"9":[2,2],"10":[1,1],"11":[0,1],"12":[0,1],"13":[1,0],"14":[1,1],"15":[1,0],"16":[2,0],"17":[1,1],"18":[2,1],"19":[0,2]},"_coverageSchema":"1a1c01bbd47fc00a2c39e90264f33305004495a9","hash":"ab6f5bb627787df5db7d75652055ffec4e8237b9"}
,"D:\\foodfast_delivery\\backend\\src\\controllers\\stripeController.js": {"path":"D:\\foodfast_delivery\\backend\\src\\controllers\\stripeController.js","statementMap":{"0":{"start":{"line":1,"column":15},"end":{"line":1,"column":32}},"1":{"start":{"line":2,"column":15},"end":{"line":2,"column":52}},"2":{"start":{"line":4,"column":0},"end":{"line":46,"column":2}},"3":{"start":{"line":5,"column":2},"end":{"line":45,"column":3}},"4":{"start":{"line":6,"column":50},"end":{"line":6,"column":58}},"5":{"start":{"line":8,"column":23},"end":{"line":21,"column":6}},"6":{"start":{"line":9,"column":26},"end":{"line":9,"column":45}},"7":{"start":{"line":10,"column":6},"end":{"line":12,"column":7}},"8":{"start":{"line":11,"column":8},"end":{"line":11,"column":45}},"9":{"start":{"line":13,"column":6},"end":{"line":20,"column":8}},"10":{"start":{"line":23,"column":26},"end":{"line":33,"column":5}},"11":{"start":{"line":36,"column":4},"end":{"line":38,"column":5}},"12":{"start":{"line":37,"column":6},"end":{"line":37,"column":43}},"13":{"start":{"line":40,"column":20},"end":{"line":40,"column":72}},"14":{"start":{"line":41,"column":4},"end":{"line":41,"column":58}},"15":{"start":{"line":43,"column":4},"end":{"line":43,"column":40}},"16":{"start":{"line":44,"column":4},"end":{"line":44,"column":49}}},"fnMap":{"0":{"name":"(anonymous_0)","decl":{"start":{"line":4,"column":32},"end":{"line":4,"column":33}},"loc":{"start":{"line":4,"column":52},"end":{"line":46,"column":1}},"line":4},"1":{"name":"(anonymous_1)","decl":{"start":{"line":8,"column":37},"end":{"line":8,"column":38}},"loc":{"start":{"line":8,"column":45},"end":{"line":21,"column":5}},"line":8}},"branchMap":{"0":{"loc":{"start":{"line":10,"column":6},"end":{"line":12,"column":7}},"type":"if","locations":[{"start":{"line":10,"column":6},"end":{"line":12,"column":7}},{"start":{},"end":{}}],"line":10},"1":{"loc":{"start":{"line":10,"column":10},"end":{"line":10,"column":54}},"type":"binary-expr","locations":[{"start":{"line":10,"column":10},"end":{"line":10,"column":23}},{"start":{"line":10,"column":27},"end":{"line":10,"column":54}}],"line":10},"2":{"loc":{"start":{"line":27,"column":22},"end":{"line":27,"column":73}},"type":"binary-expr","locations":[{"start":{"line":27,"column":22},"end":{"line":27,"column":46}},{"start":{"line":27,"column":50},"end":{"line":27,"column":73}}],"line":27},"3":{"loc":{"start":{"line":28,"column":21},"end":{"line":28,"column":72}},"type":"binary-expr","locations":[{"start":{"line":28,"column":21},"end":{"line":28,"column":45}},{"start":{"line":28,"column":49},"end":{"line":28,"column":72}}],"line":28},"4":{"loc":{"start":{"line":36,"column":4},"end":{"line":38,"column":5}},"type":"if","locations":[{"start":{"line":36,"column":4},"end":{"line":38,"column":5}},{"start":{},"end":{}}],"line":36}},"s":{"0":2,"1":2,"2":2,"3":3,"4":3,"5":3,"6":2,"7":2,"8":0,"9":2,"10":3,"11":3,"12":2,"13":3,"14":3,"15":2,"16":2},"f":{"0":3,"1":2},"b":{"0":[0,2],"1":[2,0],"2":[3,3],"3":[3,3],"4":[2,1]},"_coverageSchema":"1a1c01bbd47fc00a2c39e90264f33305004495a9","hash":"3d60853350de44923aa9e61eb037917deb7f694a"}
,"D:\\foodfast_delivery\\backend\\src\\controllers\\userController.js": {"path":"D:\\foodfast_delivery\\backend\\src\\controllers\\userController.js","statementMap":{"0":{"start":{"line":2,"column":0},"end":{"line":12,"column":2}},"1":{"start":{"line":3,"column":2},"end":{"line":11,"column":3}},"2":{"start":{"line":4,"column":18},"end":{"line":7,"column":6}},"3":{"start":{"line":8,"column":4},"end":{"line":8,"column":20}},"4":{"start":{"line":10,"column":4},"end":{"line":10,"column":51}},"5":{"start":{"line":14,"column":0},"end":{"line":29,"column":2}},"6":{"start":{"line":15,"column":2},"end":{"line":28,"column":3}},"7":{"start":{"line":16,"column":17},"end":{"line":16,"column":27}},"8":{"start":{"line":17,"column":48},"end":{"line":17,"column":56}},"9":{"start":{"line":18,"column":15},"end":{"line":18,"column":38}},"10":{"start":{"line":19,"column":2},"end":{"line":19,"column":72}},"11":{"start":{"line":19,"column":13},"end":{"line":19,"column":72}},"12":{"start":{"line":20,"column":2},"end":{"line":20,"column":43}},"13":{"start":{"line":20,"column":26},"end":{"line":20,"column":43}},"14":{"start":{"line":21,"column":2},"end":{"line":21,"column":46}},"15":{"start":{"line":21,"column":27},"end":{"line":21,"column":46}},"16":{"start":{"line":22,"column":2},"end":{"line":22,"column":52}},"17":{"start":{"line":22,"column":29},"end":{"line":22,"column":52}},"18":{"start":{"line":23,"column":2},"end":{"line":23,"column":64}},"19":{"start":{"line":23,"column":33},"end":{"line":23,"column":64}},"20":{"start":{"line":24,"column":2},"end":{"line":24,"column":20}},"21":{"start":{"line":25,"column":2},"end":{"line":25,"column":200}},"22":{"start":{"line":27,"column":4},"end":{"line":27,"column":51}},"23":{"start":{"line":31,"column":0},"end":{"line":50,"column":2}},"24":{"start":{"line":32,"column":2},"end":{"line":49,"column":3}},"25":{"start":{"line":33,"column":19},"end":{"line":33,"column":29}},"26":{"start":{"line":34,"column":21},"end":{"line":34,"column":29}},"27":{"start":{"line":35,"column":17},"end":{"line":35,"column":40}},"28":{"start":{"line":36,"column":4},"end":{"line":36,"column":74}},"29":{"start":{"line":36,"column":15},"end":{"line":36,"column":74}},"30":{"start":{"line":38,"column":4},"end":{"line":44,"column":5}},"31":{"start":{"line":39,"column":6},"end":{"line":39,"column":38}},"32":{"start":{"line":40,"column":11},"end":{"line":44,"column":5}},"33":{"start":{"line":41,"column":6},"end":{"line":41,"column":23}},"34":{"start":{"line":43,"column":6},"end":{"line":43,"column":63}},"35":{"start":{"line":45,"column":4},"end":{"line":45,"column":22}},"36":{"start":{"line":46,"column":4},"end":{"line":46,"column":180}},"37":{"start":{"line":48,"column":4},"end":{"line":48,"column":51}},"38":{"start":{"line":52,"column":0},"end":{"line":59,"column":2}},"39":{"start":{"line":53,"column":2},"end":{"line":58,"column":3}},"40":{"start":{"line":54,"column":16},"end":{"line":54,"column":121}},"41":{"start":{"line":55,"column":4},"end":{"line":55,"column":20}},"42":{"start":{"line":57,"column":4},"end":{"line":57,"column":51}},"43":{"start":{"line":62,"column":0},"end":{"line":71,"column":2}},"44":{"start":{"line":63,"column":2},"end":{"line":70,"column":3}},"45":{"start":{"line":64,"column":19},"end":{"line":64,"column":29}},"46":{"start":{"line":65,"column":17},"end":{"line":65,"column":84}},"47":{"start":{"line":66,"column":4},"end":{"line":66,"column":74}},"48":{"start":{"line":66,"column":15},"end":{"line":66,"column":74}},"49":{"start":{"line":67,"column":4},"end":{"line":67,"column":19}},"50":{"start":{"line":69,"column":4},"end":{"line":69,"column":51}},"51":{"start":{"line":72,"column":15},"end":{"line":72,"column":34}},"52":{"start":{"line":73,"column":12},"end":{"line":73,"column":35}},"53":{"start":{"line":74,"column":13},"end":{"line":74,"column":38}},"54":{"start":{"line":76,"column":0},"end":{"line":100,"column":2}},"55":{"start":{"line":77,"column":2},"end":{"line":99,"column":3}},"56":{"start":{"line":78,"column":46},"end":{"line":78,"column":54}},"57":{"start":{"line":80,"column":4},"end":{"line":82,"column":5}},"58":{"start":{"line":81,"column":6},"end":{"line":81,"column":99}},"59":{"start":{"line":83,"column":4},"end":{"line":83,"column":39}},"60":{"start":{"line":84,"column":4},"end":{"line":84,"column":47}},"61":{"start":{"line":85,"column":4},"end":{"line":85,"column":45}},"62":{"start":{"line":88,"column":20},"end":{"line":88,"column":63}},"63":{"start":{"line":89,"column":4},"end":{"line":89,"column":91}},"64":{"start":{"line":89,"column":17},"end":{"line":89,"column":91}},"65":{"start":{"line":90,"column":25},"end":{"line":90,"column":65}},"66":{"start":{"line":91,"column":4},"end":{"line":91,"column":88}},"67":{"start":{"line":91,"column":22},"end":{"line":91,"column":88}},"68":{"start":{"line":93,"column":27},"end":{"line":93,"column":58}},"69":{"start":{"line":94,"column":17},"end":{"line":94,"column":101}},"70":{"start":{"line":95,"column":4},"end":{"line":95,"column":120}},"71":{"start":{"line":97,"column":16},"end":{"line":97,"column":126}},"72":{"start":{"line":98,"column":4},"end":{"line":98,"column":43}},"73":{"start":{"line":102,"column":0},"end":{"line":114,"column":2}},"74":{"start":{"line":103,"column":2},"end":{"line":113,"column":3}},"75":{"start":{"line":104,"column":35},"end":{"line":104,"column":43}},"76":{"start":{"line":105,"column":17},"end":{"line":105,"column":60}},"77":{"start":{"line":106,"column":4},"end":{"line":108,"column":5}},"78":{"start":{"line":107,"column":6},"end":{"line":107,"column":70}},"79":{"start":{"line":109,"column":16},"end":{"line":109,"column":103}},"80":{"start":{"line":110,"column":2},"end":{"line":110,"column":203}},"81":{"start":{"line":112,"column":4},"end":{"line":112,"column":51}}},"fnMap":{"0":{"name":"(anonymous_0)","decl":{"start":{"line":2,"column":32},"end":{"line":2,"column":33}},"loc":{"start":{"line":2,"column":52},"end":{"line":12,"column":1}},"line":2},"1":{"name":"(anonymous_1)","decl":{"start":{"line":14,"column":25},"end":{"line":14,"column":26}},"loc":{"start":{"line":14,"column":45},"end":{"line":29,"column":1}},"line":14},"2":{"name":"(anonymous_2)","decl":{"start":{"line":31,"column":25},"end":{"line":31,"column":26}},"loc":{"start":{"line":31,"column":45},"end":{"line":50,"column":1}},"line":31},"3":{"name":"(anonymous_3)","decl":{"start":{"line":52,"column":22},"end":{"line":52,"column":23}},"loc":{"start":{"line":52,"column":42},"end":{"line":59,"column":1}},"line":52},"4":{"name":"(anonymous_4)","decl":{"start":{"line":62,"column":22},"end":{"line":62,"column":23}},"loc":{"start":{"line":62,"column":42},"end":{"line":71,"column":1}},"line":62},"5":{"name":"(anonymous_5)","decl":{"start":{"line":76,"column":19},"end":{"line":76,"column":20}},"loc":{"start":{"line":76,"column":39},"end":{"line":100,"column":1}},"line":76},"6":{"name":"(anonymous_6)","decl":{"start":{"line":102,"column":16},"end":{"line":102,"column":17}},"loc":{"start":{"line":102,"column":36},"end":{"line":114,"column":1}},"line":102}},"branchMap":{"0":{"loc":{"start":{"line":19,"column":2},"end":{"line":19,"column":72}},"type":"if","locations":[{"start":{"line":19,"column":2},"end":{"line":19,"column":72}},{"start":{},"end":{}}],"line":19},"1":{"loc":{"start":{"line":20,"column":2},"end":{"line":20,"column":43}},"type":"if","locations":[{"start":{"line":20,"column":2},"end":{"line":20,"column":43}},{"start":{},"end":{}}],"line":20},"2":{"loc":{"start":{"line":21,"column":2},"end":{"line":21,"column":46}},"type":"if","locations":[{"start":{"line":21,"column":2},"end":{"line":21,"column":46}},{"start":{},"end":{}}],"line":21},"3":{"loc":{"start":{"line":22,"column":2},"end":{"line":22,"column":52}},"type":"if","locations":[{"start":{"line":22,"column":2},"end":{"line":22,"column":52}},{"start":{},"end":{}}],"line":22},"4":{"loc":{"start":{"line":23,"column":2},"end":{"line":23,"column":64}},"type":"if","locations":[{"start":{"line":23,"column":2},"end":{"line":23,"column":64}},{"start":{},"end":{}}],"line":23},"5":{"loc":{"start":{"line":36,"column":4},"end":{"line":36,"column":74}},"type":"if","locations":[{"start":{"line":36,"column":4},"end":{"line":36,"column":74}},{"start":{},"end":{}}],"line":36},"6":{"loc":{"start":{"line":38,"column":4},"end":{"line":44,"column":5}},"type":"if","locations":[{"start":{"line":38,"column":4},"end":{"line":44,"column":5}},{"start":{"line":40,"column":11},"end":{"line":44,"column":5}}],"line":38},"7":{"loc":{"start":{"line":40,"column":11},"end":{"line":44,"column":5}},"type":"if","locations":[{"start":{"line":40,"column":11},"end":{"line":44,"column":5}},{"start":{"line":42,"column":11},"end":{"line":44,"column":5}}],"line":40},"8":{"loc":{"start":{"line":40,"column":15},"end":{"line":40,"column":75}},"type":"binary-expr","locations":[{"start":{"line":40,"column":15},"end":{"line":40,"column":36}},{"start":{"line":40,"column":40},"end":{"line":40,"column":55}},{"start":{"line":40,"column":59},"end":{"line":40,"column":75}}],"line":40},"9":{"loc":{"start":{"line":66,"column":4},"end":{"line":66,"column":74}},"type":"if","locations":[{"start":{"line":66,"column":4},"end":{"line":66,"column":74}},{"start":{},"end":{}}],"line":66},"10":{"loc":{"start":{"line":80,"column":4},"end":{"line":82,"column":5}},"type":"if","locations":[{"start":{"line":80,"column":4},"end":{"line":82,"column":5}},{"start":{},"end":{}}],"line":80},"11":{"loc":{"start":{"line":80,"column":8},"end":{"line":80,"column":40}},"type":"binary-expr","locations":[{"start":{"line":80,"column":8},"end":{"line":80,"column":17}},{"start":{"line":80,"column":21},"end":{"line":80,"column":30}},{"start":{"line":80,"column":34},"end":{"line":80,"column":40}}],"line":80},"12":{"loc":{"start":{"line":85,"column":11},"end":{"line":85,"column":44}},"type":"cond-expr","locations":[{"start":{"line":85,"column":18},"end":{"line":85,"column":37}},{"start":{"line":85,"column":40},"end":{"line":85,"column":44}}],"line":85},"13":{"loc":{"start":{"line":89,"column":4},"end":{"line":89,"column":91}},"type":"if","locations":[{"start":{"line":89,"column":4},"end":{"line":89,"column":91}},{"start":{},"end":{}}],"line":89},"14":{"loc":{"start":{"line":91,"column":4},"end":{"line":91,"column":88}},"type":"if","locations":[{"start":{"line":91,"column":4},"end":{"line":91,"column":88}},{"start":{},"end":{}}],"line":91},"15":{"loc":{"start":{"line":97,"column":16},"end":{"line":97,"column":126}},"type":"cond-expr","locations":[{"start":{"line":97,"column":65},"end":{"line":97,"column":87}},{"start":{"line":97,"column":91},"end":{"line":97,"column":125}}],"line":97},"16":{"loc":{"start":{"line":97,"column":91},"end":{"line":97,"column":125}},"type":"binary-expr","locations":[{"start":{"line":97,"column":91},"end":{"line":97,"column":103}},{"start":{"line":97,"column":107},"end":{"line":97,"column":125}}],"line":97},"17":{"loc":{"start":{"line":106,"column":4},"end":{"line":108,"column":5}},"type":"if","locations":[{"start":{"line":106,"column":4},"end":{"line":108,"column":5}},{"start":{},"end":{}}],"line":106},"18":{"loc":{"start":{"line":106,"column":8},"end":{"line":106,"column":65}},"type":"binary-expr","locations":[{"start":{"line":106,"column":8},"end":{"line":106,"column":13}},{"start":{"line":106,"column":17},"end":{"line":106,"column":65}}],"line":106}},"s":{"0":6,"1":2,"2":2,"3":1,"4":1,"5":6,"6":5,"7":5,"8":5,"9":5,"10":5,"11":2,"12":3,"13":3,"14":3,"15":0,"16":3,"17":1,"18":3,"19":0,"20":3,"21":2,"22":1,"23":6,"24":3,"25":3,"26":3,"27":3,"28":3,"29":0,"30":3,"31":0,"32":3,"33":2,"34":1,"35":2,"36":1,"37":1,"38":6,"39":2,"40":2,"41":1,"42":1,"43":6,"44":5,"45":5,"46":5,"47":4,"48":2,"49":2,"50":1,"51":6,"52":6,"53":6,"54":6,"55":10,"56":10,"57":10,"58":3,"59":7,"60":7,"61":7,"62":7,"63":7,"64":1,"65":6,"66":6,"67":1,"68":5,"69":5,"70":3,"71":2,"72":2,"73":6,"74":6,"75":6,"76":6,"77":5,"78":2,"79":3,"80":3,"81":1},"f":{"0":2,"1":5,"2":3,"3":2,"4":5,"5":10,"6":6},"b":{"0":[2,3],"1":[3,0],"2":[0,3],"3":[1,2],"4":[0,3],"5":[0,3],"6":[0,3],"7":[2,1],"8":[3,2,1],"9":[2,2],"10":[3,7],"11":[10,7,7],"12":[2,5],"13":[1,6],"14":[1,5],"15":[1,1],"16":[1,0],"17":[2,3],"18":[5,4]},"_coverageSchema":"1a1c01bbd47fc00a2c39e90264f33305004495a9","hash":"6c0c5a55c442b57839dccbc7eb2580c936ba1a6c"}
,"D:\\foodfast_delivery\\backend\\src\\models\\Cart.js": {"path":"D:\\foodfast_delivery\\backend\\src\\models\\Cart.js","statementMap":{"0":{"start":{"line":1,"column":22},"end":{"line":1,"column":45}},"1":{"start":{"line":2,"column":22},"end":{"line":2,"column":42}},"2":{"start":{"line":4,"column":13},"end":{"line":6,"column":2}},"3":{"start":{"line":8,"column":0},"end":{"line":11,"column":2}},"4":{"start":{"line":9,"column":2},"end":{"line":9,"column":56}},"5":{"start":{"line":10,"column":2},"end":{"line":10,"column":58}},"6":{"start":{"line":13,"column":0},"end":{"line":13,"column":22}}},"fnMap":{"0":{"name":"(anonymous_0)","decl":{"start":{"line":8,"column":17},"end":{"line":8,"column":18}},"loc":{"start":{"line":8,"column":29},"end":{"line":11,"column":1}},"line":8}},"branchMap":{},"s":{"0":13,"1":13,"2":13,"3":13,"4":9,"5":6,"6":13},"f":{"0":9},"b":{},"_coverageSchema":"1a1c01bbd47fc00a2c39e90264f33305004495a9","hash":"ce804ed35b6e7676b7bc94f1a509aab391fc10c9"}
,"D:\\foodfast_delivery\\backend\\src\\models\\CartItem.js": {"path":"D:\\foodfast_delivery\\backend\\src\\models\\CartItem.js","statementMap":{"0":{"start":{"line":1,"column":22},"end":{"line":1,"column":45}},"1":{"start":{"line":2,"column":22},"end":{"line":2,"column":42}},"2":{"start":{"line":3,"column":13},"end":{"line":3,"column":30}},"3":{"start":{"line":5,"column":17},"end":{"line":9,"column":2}},"4":{"start":{"line":11,"column":0},"end":{"line":11,"column":51}},"5":{"start":{"line":13,"column":0},"end":{"line":13,"column":26}}},"fnMap":{},"branchMap":{},"s":{"0":12,"1":12,"2":12,"3":12,"4":12,"5":10},"f":{},"b":{},"_coverageSchema":"1a1c01bbd47fc00a2c39e90264f33305004495a9","hash":"57d911b8e84212cd7e4614b9916796e266fa060d"}
,"D:\\foodfast_delivery\\backend\\src\\models\\Drone.js": {"path":"D:\\foodfast_delivery\\backend\\src\\models\\Drone.js","statementMap":{"0":{"start":{"line":1,"column":22},"end":{"line":1,"column":45}},"1":{"start":{"line":2,"column":22},"end":{"line":2,"column":42}},"2":{"start":{"line":4,"column":14},"end":{"line":33,"column":2}},"3":{"start":{"line":36,"column":0},"end":{"line":38,"column":2}},"4":{"start":{"line":37,"column":2},"end":{"line":37,"column":57}},"5":{"start":{"line":40,"column":0},"end":{"line":40,"column":23}}},"fnMap":{"0":{"name":"(anonymous_0)","decl":{"start":{"line":36,"column":18},"end":{"line":36,"column":19}},"loc":{"start":{"line":36,"column":30},"end":{"line":38,"column":1}},"line":36}},"branchMap":{},"s":{"0":10,"1":10,"2":10,"3":10,"4":6,"5":10},"f":{"0":6},"b":{},"_coverageSchema":"1a1c01bbd47fc00a2c39e90264f33305004495a9","hash":"2e9493340d0aebb9dc2e5b95133d47998e651b84"}
,"D:\\foodfast_delivery\\backend\\src\\models\\Menu.js": {"path":"D:\\foodfast_delivery\\backend\\src\\models\\Menu.js","statementMap":{"0":{"start":{"line":2,"column":22},"end":{"line":2,"column":45}},"1":{"start":{"line":3,"column":22},"end":{"line":3,"column":42}},"2":{"start":{"line":5,"column":13},"end":{"line":23,"column":2}},"3":{"start":{"line":25,"column":0},"end":{"line":27,"column":2}},"4":{"start":{"line":26,"column":2},"end":{"line":26,"column":68}},"5":{"start":{"line":29,"column":0},"end":{"line":29,"column":22}}},"fnMap":{"0":{"name":"(anonymous_0)","decl":{"start":{"line":25,"column":17},"end":{"line":25,"column":18}},"loc":{"start":{"line":25,"column":29},"end":{"line":27,"column":1}},"line":25}},"branchMap":{},"s":{"0":11,"1":11,"2":11,"3":11,"4":6,"5":11},"f":{"0":6},"b":{},"_coverageSchema":"1a1c01bbd47fc00a2c39e90264f33305004495a9","hash":"78113995077d7f8abb8be422060e610bb8ab0e6e"}
,"D:\\foodfast_delivery\\backend\\src\\models\\Order.js": {"path":"D:\\foodfast_delivery\\backend\\src\\models\\Order.js","statementMap":{"0":{"start":{"line":1,"column":22},"end":{"line":1,"column":45}},"1":{"start":{"line":2,"column":22},"end":{"line":2,"column":42}},"2":{"start":{"line":4,"column":14},"end":{"line":19,"column":2}},"3":{"start":{"line":21,"column":0},"end":{"line":25,"column":2}},"4":{"start":{"line":22,"column":2},"end":{"line":22,"column":57}},"5":{"start":{"line":23,"column":2},"end":{"line":23,"column":59}},"6":{"start":{"line":24,"column":2},"end":{"line":24,"column":63}},"7":{"start":{"line":27,"column":0},"end":{"line":27,"column":23}}},"fnMap":{"0":{"name":"(anonymous_0)","decl":{"start":{"line":21,"column":18},"end":{"line":21,"column":19}},"loc":{"start":{"line":21,"column":30},"end":{"line":25,"column":1}},"line":21}},"branchMap":{},"s":{"0":11,"1":11,"2":11,"3":11,"4":6,"5":6,"6":6,"7":11},"f":{"0":6},"b":{},"_coverageSchema":"1a1c01bbd47fc00a2c39e90264f33305004495a9","hash":"ad64bdb296740d891c7f031ff8ef0db7281ecea3"}
,"D:\\foodfast_delivery\\backend\\src\\models\\OrderDetail.js": {"path":"D:\\foodfast_delivery\\backend\\src\\models\\OrderDetail.js","statementMap":{"0":{"start":{"line":1,"column":22},"end":{"line":1,"column":45}},"1":{"start":{"line":2,"column":22},"end":{"line":2,"column":42}},"2":{"start":{"line":3,"column":14},"end":{"line":3,"column":32}},"3":{"start":{"line":4,"column":13},"end":{"line":4,"column":30}},"4":{"start":{"line":6,"column":20},"end":{"line":11,"column":2}},"5":{"start":{"line":13,"column":0},"end":{"line":13,"column":56}},"6":{"start":{"line":14,"column":0},"end":{"line":14,"column":54}},"7":{"start":{"line":16,"column":0},"end":{"line":16,"column":29}}},"fnMap":{},"branchMap":{},"s":{"0":11,"1":11,"2":11,"3":11,"4":11,"5":11,"6":10,"7":10},"f":{},"b":{},"_coverageSchema":"1a1c01bbd47fc00a2c39e90264f33305004495a9","hash":"c1cfbc916b476e9381f711c8e10958ca1cf6b090"}
,"D:\\foodfast_delivery\\backend\\src\\models\\Restaurant.js": {"path":"D:\\foodfast_delivery\\backend\\src\\models\\Restaurant.js","statementMap":{"0":{"start":{"line":1,"column":22},"end":{"line":1,"column":45}},"1":{"start":{"line":2,"column":22},"end":{"line":2,"column":42}},"2":{"start":{"line":4,"column":19},"end":{"line":47,"column":2}},"3":{"start":{"line":49,"column":0},"end":{"line":52,"column":2}},"4":{"start":{"line":50,"column":2},"end":{"line":50,"column":66}},"5":{"start":{"line":51,"column":2},"end":{"line":51,"column":62}},"6":{"start":{"line":54,"column":0},"end":{"line":54,"column":28}}},"fnMap":{"0":{"name":"(anonymous_0)","decl":{"start":{"line":49,"column":23},"end":{"line":49,"column":24}},"loc":{"start":{"line":49,"column":35},"end":{"line":52,"column":1}},"line":49}},"branchMap":{},"s":{"0":10,"1":10,"2":10,"3":10,"4":6,"5":6,"6":10},"f":{"0":6},"b":{},"_coverageSchema":"1a1c01bbd47fc00a2c39e90264f33305004495a9","hash":"8796761fae62f0e333ac7ace8d39242963ddad78"}
,"D:\\foodfast_delivery\\backend\\src\\models\\Review.js": {"path":"D:\\foodfast_delivery\\backend\\src\\models\\Review.js","statementMap":{"0":{"start":{"line":1,"column":22},"end":{"line":1,"column":45}},"1":{"start":{"line":2,"column":22},"end":{"line":2,"column":42}},"2":{"start":{"line":4,"column":15},"end":{"line":10,"column":2}},"3":{"start":{"line":12,"column":0},"end":{"line":15,"column":2}},"4":{"start":{"line":13,"column":2},"end":{"line":13,"column":58}},"5":{"start":{"line":14,"column":2},"end":{"line":14,"column":58}},"6":{"start":{"line":17,"column":0},"end":{"line":17,"column":24}}},"fnMap":{"0":{"name":"(anonymous_0)","decl":{"start":{"line":12,"column":19},"end":{"line":12,"column":20}},"loc":{"start":{"line":12,"column":31},"end":{"line":15,"column":1}},"line":12}},"branchMap":{},"s":{"0":9,"1":9,"2":9,"3":9,"4":6,"5":6,"6":9},"f":{"0":6},"b":{},"_coverageSchema":"1a1c01bbd47fc00a2c39e90264f33305004495a9","hash":"ca0f7d642f74a877c2735b8e2e6f9a3fd8d70d7c"}
,"D:\\foodfast_delivery\\backend\\src\\models\\User.js": {"path":"D:\\foodfast_delivery\\backend\\src\\models\\User.js","statementMap":{"0":{"start":{"line":1,"column":22},"end":{"line":1,"column":45}},"1":{"start":{"line":2,"column":22},"end":{"line":2,"column":42}},"2":{"start":{"line":4,"column":13},"end":{"line":12,"column":2}},"3":{"start":{"line":14,"column":0},"end":{"line":18,"column":2}},"4":{"start":{"line":15,"column":2},"end":{"line":15,"column":53}},"5":{"start":{"line":16,"column":2},"end":{"line":16,"column":55}},"6":{"start":{"line":20,"column":0},"end":{"line":20,"column":22}}},"fnMap":{"0":{"name":"(anonymous_0)","decl":{"start":{"line":14,"column":17},"end":{"line":14,"column":18}},"loc":{"start":{"line":14,"column":29},"end":{"line":18,"column":1}},"line":14}},"branchMap":{},"s":{"0":18,"1":18,"2":18,"3":10,"4":7,"5":6,"6":10},"f":{"0":7},"b":{},"_coverageSchema":"1a1c01bbd47fc00a2c39e90264f33305004495a9","hash":"75ecf546ed779a807c38c53312254d911163d923"}
,"D:\\foodfast_delivery\\backend\\src\\models\\index.js": {"path":"D:\\foodfast_delivery\\backend\\src\\models\\index.js","statementMap":{"0":{"start":{"line":2,"column":22},"end":{"line":2,"column":45}},"1":{"start":{"line":3,"column":13},"end":{"line":3,"column":30}},"2":{"start":{"line":4,"column":13},"end":{"line":4,"column":30}},"3":{"start":{"line":5,"column":14},"end":{"line":5,"column":32}},"4":{"start":{"line":6,"column":20},"end":{"line":6,"column":44}},"5":{"start":{"line":7,"column":13},"end":{"line":7,"column":30}},"6":{"start":{"line":8,"column":17},"end":{"line":8,"column":38}},"7":{"start":{"line":9,"column":19},"end":{"line":9,"column":42}},"8":{"start":{"line":10,"column":14},"end":{"line":10,"column":32}},"9":{"start":{"line":11,"column":15},"end":{"line":11,"column":34}},"10":{"start":{"line":13,"column":11},"end":{"line":23,"column":1}},"11":{"start":{"line":26,"column":0},"end":{"line":26,"column":25}},"12":{"start":{"line":28,"column":0},"end":{"line":32,"column":3}},"13":{"start":{"line":29,"column":2},"end":{"line":31,"column":3}},"14":{"start":{"line":30,"column":4},"end":{"line":30,"column":24}},"15":{"start":{"line":34,"column":0},"end":{"line":34,"column":20}}},"fnMap":{"0":{"name":"(anonymous_0)","decl":{"start":{"line":28,"column":26},"end":{"line":28,"column":27}},"loc":{"start":{"line":28,"column":37},"end":{"line":32,"column":1}},"line":28}},"branchMap":{"0":{"loc":{"start":{"line":29,"column":2},"end":{"line":31,"column":3}},"type":"if","locations":[{"start":{"line":29,"column":2},"end":{"line":31,"column":3}},{"start":{},"end":{}}],"line":29}},"s":{"0":21,"1":21,"2":13,"3":13,"4":13,"5":12,"6":12,"7":10,"8":10,"9":10,"10":10,"11":10,"12":10,"13":67,"14":49,"15":6},"f":{"0":67},"b":{"0":[49,18]},"_coverageSchema":"1a1c01bbd47fc00a2c39e90264f33305004495a9","hash":"06fac707476b4e7ca1e8c6b25372df2898398fc5"}
,"D:\\foodfast_delivery\\backend\\src\\utils\\droneDispatcher.js": {"path":"D:\\foodfast_delivery\\backend\\src\\utils\\droneDispatcher.js","statementMap":{"0":{"start":{"line":6,"column":22},"end":{"line":6,"column":45}},"1":{"start":{"line":7,"column":25},"end":{"line":7,"column":45}},"2":{"start":{"line":9,"column":21},"end":{"line":9,"column":25}},"3":{"start":{"line":10,"column":20},"end":{"line":10,"column":25}},"4":{"start":{"line":13,"column":17},"end":{"line":13,"column":22}},"5":{"start":{"line":14,"column":2},"end":{"line":44,"column":5}},"6":{"start":{"line":16,"column":18},"end":{"line":21,"column":6}},"7":{"start":{"line":23,"column":4},"end":{"line":23,"column":23}},"8":{"start":{"line":23,"column":16},"end":{"line":23,"column":23}},"9":{"start":{"line":26,"column":18},"end":{"line":30,"column":6}},"10":{"start":{"line":32,"column":4},"end":{"line":32,"column":23}},"11":{"start":{"line":32,"column":16},"end":{"line":32,"column":23}},"12":{"start":{"line":35,"column":4},"end":{"line":35,"column":26}},"13":{"start":{"line":36,"column":4},"end":{"line":36,"column":41}},"14":{"start":{"line":38,"column":4},"end":{"line":38,"column":29}},"15":{"start":{"line":40,"column":4},"end":{"line":40,"column":41}},"16":{"start":{"line":42,"column":4},"end":{"line":42,"column":20}},"17":{"start":{"line":43,"column":4},"end":{"line":43,"column":82}},"18":{"start":{"line":45,"column":2},"end":{"line":45,"column":18}},"19":{"start":{"line":49,"column":2},"end":{"line":49,"column":29}},"20":{"start":{"line":49,"column":22},"end":{"line":49,"column":29}},"21":{"start":{"line":50,"column":2},"end":{"line":50,"column":69}},"22":{"start":{"line":50,"column":37},"end":{"line":50,"column":55}},"23":{"start":{"line":51,"column":2},"end":{"line":51,"column":99}},"24":{"start":{"line":55,"column":2},"end":{"line":55,"column":28}},"25":{"start":{"line":55,"column":21},"end":{"line":55,"column":28}},"26":{"start":{"line":56,"column":2},"end":{"line":56,"column":23}},"27":{"start":{"line":57,"column":2},"end":{"line":70,"column":3}},"28":{"start":{"line":58,"column":4},"end":{"line":61,"column":5}},"29":{"start":{"line":58,"column":17},"end":{"line":58,"column":18}},"30":{"start":{"line":59,"column":24},"end":{"line":59,"column":48}},"31":{"start":{"line":60,"column":6},"end":{"line":60,"column":28}},"32":{"start":{"line":60,"column":22},"end":{"line":60,"column":28}},"33":{"start":{"line":63,"column":4},"end":{"line":67,"column":5}},"34":{"start":{"line":64,"column":6},"end":{"line":64,"column":60}},"35":{"start":{"line":66,"column":6},"end":{"line":66,"column":68}},"36":{"start":{"line":69,"column":4},"end":{"line":69,"column":26}},"37":{"start":{"line":74,"column":2},"end":{"line":78,"column":3}},"38":{"start":{"line":75,"column":4},"end":{"line":75,"column":34}},"39":{"start":{"line":76,"column":4},"end":{"line":76,"column":26}},"40":{"start":{"line":77,"column":4},"end":{"line":77,"column":58}},"41":{"start":{"line":83,"column":0},"end":{"line":83,"column":90}}},"fnMap":{"0":{"name":"attemptAssignOne","decl":{"start":{"line":12,"column":15},"end":{"line":12,"column":31}},"loc":{"start":{"line":12,"column":34},"end":{"line":46,"column":1}},"line":12},"1":{"name":"(anonymous_1)","decl":{"start":{"line":14,"column":30},"end":{"line":14,"column":31}},"loc":{"start":{"line":14,"column":43},"end":{"line":44,"column":3}},"line":14},"2":{"name":"startDroneDispatcher","decl":{"start":{"line":48,"column":9},"end":{"line":48,"column":29}},"loc":{"start":{"line":48,"column":69},"end":{"line":52,"column":1}},"line":48},"3":{"name":"(anonymous_3)","decl":{"start":{"line":50,"column":31},"end":{"line":50,"column":32}},"loc":{"start":{"line":50,"column":37},"end":{"line":50,"column":55}},"line":50},"4":{"name":"runTick","decl":{"start":{"line":54,"column":15},"end":{"line":54,"column":22}},"loc":{"start":{"line":54,"column":43},"end":{"line":71,"column":1}},"line":54},"5":{"name":"stopDroneDispatcher","decl":{"start":{"line":73,"column":9},"end":{"line":73,"column":28}},"loc":{"start":{"line":73,"column":31},"end":{"line":79,"column":1}},"line":73}},"branchMap":{"0":{"loc":{"start":{"line":23,"column":4},"end":{"line":23,"column":23}},"type":"if","locations":[{"start":{"line":23,"column":4},"end":{"line":23,"column":23}},{"start":{},"end":{}}],"line":23},"1":{"loc":{"start":{"line":32,"column":4},"end":{"line":32,"column":23}},"type":"if","locations":[{"start":{"line":32,"column":4},"end":{"line":32,"column":23}},{"start":{},"end":{}}],"line":32},"2":{"loc":{"start":{"line":48,"column":30},"end":{"line":48,"column":67}},"type":"default-arg","locations":[{"start":{"line":48,"column":65},"end":{"line":48,"column":67}}],"line":48},"3":{"loc":{"start":{"line":48,"column":32},"end":{"line":48,"column":49}},"type":"default-arg","locations":[{"start":{"line":48,"column":45},"end":{"line":48,"column":49}}],"line":48},"4":{"loc":{"start":{"line":48,"column":51},"end":{"line":48,"column":60}},"type":"default-arg","locations":[{"start":{"line":48,"column":59},"end":{"line":48,"column":60}}],"line":48},"5":{"loc":{"start":{"line":49,"column":2},"end":{"line":49,"column":29}},"type":"if","locations":[{"start":{"line":49,"column":2},"end":{"line":49,"column":29}},{"start":{},"end":{}}],"line":49},"6":{"loc":{"start":{"line":54,"column":23},"end":{"line":54,"column":41}},"type":"default-arg","locations":[{"start":{"line":54,"column":39},"end":{"line":54,"column":41}}],"line":54},"7":{"loc":{"start":{"line":54,"column":25},"end":{"line":54,"column":34}},"type":"default-arg","locations":[{"start":{"line":54,"column":33},"end":{"line":54,"column":34}}],"line":54},"8":{"loc":{"start":{"line":55,"column":2},"end":{"line":55,"column":28}},"type":"if","locations":[{"start":{"line":55,"column":2},"end":{"line":55,"column":28}},{"start":{},"end":{}}],"line":55},"9":{"loc":{"start":{"line":60,"column":6},"end":{"line":60,"column":28}},"type":"if","locations":[{"start":{"line":60,"column":6},"end":{"line":60,"column":28}},{"start":{},"end":{}}],"line":60},"10":{"loc":{"start":{"line":63,"column":4},"end":{"line":67,"column":5}},"type":"if","locations":[{"start":{"line":63,"column":4},"end":{"line":67,"column":5}},{"start":{"line":65,"column":11},"end":{"line":67,"column":5}}],"line":63},"11":{"loc":{"start":{"line":63,"column":8},"end":{"line":63,"column":20}},"type":"binary-expr","locations":[{"start":{"line":63,"column":8},"end":{"line":63,"column":9}},{"start":{"line":63,"column":13},"end":{"line":63,"column":20}}],"line":63},"12":{"loc":{"start":{"line":66,"column":51},"end":{"line":66,"column":66}},"type":"binary-expr","locations":[{"start":{"line":66,"column":51},"end":{"line":66,"column":61}},{"start":{"line":66,"column":65},"end":{"line":66,"column":66}}],"line":66},"13":{"loc":{"start":{"line":74,"column":2},"end":{"line":78,"column":3}},"type":"if","locations":[{"start":{"line":74,"column":2},"end":{"line":78,"column":3}},{"start":{},"end":{}}],"line":74}},"s":{"0":30,"1":30,"2":15,"3":15,"4":6,"5":6,"6":3,"7":3,"8":1,"9":2,"10":2,"11":1,"12":1,"13":1,"14":1,"15":1,"16":1,"17":1,"18":4,"19":1,"20":0,"21":1,"22":2,"23":1,"24":3,"25":1,"26":2,"27":2,"28":2,"29":2,"30":2,"31":1,"32":1,"33":1,"34":1,"35":0,"36":2,"37":3,"38":1,"39":1,"40":1,"41":15},"f":{"0":6,"1":3,"2":1,"3":2,"4":3,"5":3},"b":{"0":[1,2],"1":[1,1],"2":[0],"3":[0],"4":[0],"5":[0,1],"6":[0],"7":[0],"8":[1,2],"9":[1,0],"10":[1,0],"11":[1,1],"12":[0,0],"13":[1,2]},"_coverageSchema":"1a1c01bbd47fc00a2c39e90264f33305004495a9","hash":"153f5c8aa04df8d82937aa7df0f0f7823f835db6"}
,"D:\\foodfast_delivery\\backend\\src\\utils\\errorHandler.js": {"path":"D:\\foodfast_delivery\\backend\\src\\utils\\errorHandler.js","statementMap":{"0":{"start":{"line":1,"column":0},"end":{"line":4,"column":2}},"1":{"start":{"line":2,"column":2},"end":{"line":2,"column":27}},"2":{"start":{"line":3,"column":2},"end":{"line":3,"column":61}}},"fnMap":{"0":{"name":"(anonymous_0)","decl":{"start":{"line":1,"column":17},"end":{"line":1,"column":18}},"loc":{"start":{"line":1,"column":42},"end":{"line":4,"column":1}},"line":1}},"branchMap":{},"s":{"0":2,"1":1,"2":1},"f":{"0":1},"b":{},"_coverageSchema":"1a1c01bbd47fc00a2c39e90264f33305004495a9","hash":"c26f12380281d5a6a69cb4aa4171da0220e30bf8"}
}
