TN:
SF:src\app.js
FN:11,(anonymous_0)
FNF:1
FNH:1
FNDA:1,(anonymous_0)
DA:1,1
DA:2,1
DA:3,1
DA:5,1
DA:7,1
DA:8,1
DA:11,1
DA:12,1
DA:16,1
DA:18,1
LF:10
LH:10
BRF:0
BRH:0
end_of_record
TN:
SF:src\config\db.js
FN:26,(anonymous_0)
FNF:1
FNH:1
FNDA:3,(anonymous_0)
DA:1,25
DA:2,25
DA:4,25
DA:26,25
DA:27,3
DA:28,3
DA:29,2
DA:30,2
DA:31,2
DA:33,1
DA:36,1
DA:37,1
DA:41,25
LF:13
LH:13
BRDA:33,0,0,1
BRDA:33,0,1,0
BRF:2
BRH:1
end_of_record
TN:
SF:src\controllers\checkoutSuccessController.js
FN:7,(anonymous_0)
FNF:1
FNH:1
FNDA:4,(anonymous_0)
DA:1,2
DA:2,2
DA:3,2
DA:4,2
DA:5,2
DA:7,2
DA:8,4
DA:9,4
DA:10,4
DA:11,3
DA:12,3
DA:14,3
DA:21,1
DA:23,1
DA:24,1
DA:31,1
DA:33,2
DA:34,2
LF:18
LH:18
BRDA:10,0,0,1
BRDA:10,0,1,3
BRDA:26,1,0,1
BRDA:26,1,1,0
BRF:4
BRH:3
end_of_record
TN:
SF:src\controllers\menuController.js
FN:5,(anonymous_0)
FN:43,(anonymous_1)
FN:52,(anonymous_2)
FN:72,(anonymous_3)
FN:84,(anonymous_4)
FNF:5
FNH:5
FNDA:1,(anonymous_0)
FNDA:1,(anonymous_1)
FNDA:1,(anonymous_2)
FNDA:1,(anonymous_3)
FNDA:1,(anonymous_4)
DA:1,2
DA:3,2
DA:5,2
DA:6,1
DA:7,1
DA:8,1
DA:9,1
DA:10,1
DA:11,0
DA:12,1
DA:13,1
DA:15,1
DA:16,0
DA:17,0
DA:18,0
DA:21,1
DA:22,0
DA:25,1
DA:27,1
DA:29,1
DA:30,1
DA:31,1
DA:33,1
DA:34,1
DA:36,0
DA:38,0
DA:43,2
DA:44,1
DA:45,1
DA:46,1
DA:48,0
DA:52,2
DA:53,1
DA:54,1
DA:55,1
DA:57,0
DA:65,0
DA:67,0
DA:68,0
DA:72,2
DA:73,1
DA:74,1
DA:75,1
DA:76,1
DA:77,1
DA:79,0
DA:80,0
DA:84,2
DA:85,1
DA:86,1
DA:87,1
DA:89,1
DA:90,1
DA:92,0
DA:93,0
LF:55
LH:39
BRDA:8,0,0,1
BRDA:8,0,1,1
BRDA:10,1,0,0
BRDA:10,1,1,1
BRDA:12,2,0,1
BRDA:12,2,1,0
BRDA:15,3,0,0
BRDA:15,3,1,1
BRDA:17,4,0,0
BRDA:17,4,1,0
BRDA:21,5,0,0
BRDA:21,5,1,1
BRDA:21,6,0,1
BRDA:21,6,1,0
BRDA:25,7,0,0
BRDA:25,7,1,1
BRDA:30,8,0,1
BRDA:30,8,1,0
BRDA:30,9,0,1
BRDA:30,9,1,1
BRDA:55,10,0,1
BRDA:55,10,1,0
BRDA:75,11,0,0
BRDA:75,11,1,1
BRDA:87,12,0,0
BRDA:87,12,1,1
BRF:26
BRH:14
end_of_record
TN:
SF:src\controllers\orderController.js
FN:2,(anonymous_0)
FN:5,(anonymous_1)
FN:11,(anonymous_2)
FN:22,(anonymous_3)
FN:36,autoAssignDroneForOrder
FN:38,(anonymous_5)
FN:65,(anonymous_6)
FN:90,(anonymous_7)
FN:93,(anonymous_8)
FN:107,(anonymous_9)
FN:130,(anonymous_10)
FN:180,(anonymous_11)
FN:193,(anonymous_12)
FNF:13
FNH:12
FNDA:2,(anonymous_0)
FNDA:2,(anonymous_1)
FNDA:4,(anonymous_2)
FNDA:0,(anonymous_3)
FNDA:9,autoAssignDroneForOrder
FNDA:8,(anonymous_5)
FNDA:3,(anonymous_6)
FNDA:2,(anonymous_7)
FNDA:1,(anonymous_8)
FNDA:6,(anonymous_9)
FNDA:10,(anonymous_10)
FNDA:2,(anonymous_11)
FNDA:3,(anonymous_12)
DA:2,8
DA:3,2
DA:5,8
DA:6,2
DA:8,8
DA:9,8
DA:11,8
DA:12,4
DA:13,4
DA:14,4
DA:15,4
DA:17,4
DA:18,4
DA:19,3
DA:21,3
DA:22,3
DA:23,1
DA:25,1
DA:26,1
DA:28,2
DA:29,2
DA:32,8
DA:33,8
DA:37,9
DA:38,9
DA:40,8
DA:41,8
DA:42,7
DA:43,2
DA:44,2
DA:47,5
DA:48,3
DA:49,1
DA:50,1
DA:51,1
DA:52,1
DA:53,1
DA:54,1
DA:58,3
DA:62,8
DA:65,8
DA:66,3
DA:67,3
DA:68,3
DA:71,3
DA:83,3
DA:89,2
DA:90,1
DA:92,2
DA:93,1
DA:94,1
DA:99,2
DA:101,1
DA:102,1
DA:107,8
DA:108,6
DA:109,6
DA:111,6
DA:112,6
DA:113,3
DA:114,3
DA:115,3
DA:123,6
DA:125,0
DA:130,8
DA:131,10
DA:132,10
DA:133,10
DA:134,10
DA:135,2
DA:137,8
DA:138,8
DA:140,8
DA:141,8
DA:142,8
DA:145,8
DA:146,2
DA:147,2
DA:148,2
DA:149,2
DA:150,2
DA:151,2
DA:156,8
DA:157,5
DA:158,5
DA:159,1
DA:160,0
DA:162,1
DA:164,4
DA:165,1
DA:167,3
DA:171,3
DA:172,1
DA:174,2
DA:176,0
DA:180,8
DA:181,2
DA:182,2
DA:183,2
DA:184,2
DA:185,2
DA:187,0
DA:188,0
DA:193,8
DA:194,3
DA:195,3
DA:196,3
DA:197,3
DA:198,3
DA:199,2
DA:201,2
DA:202,2
DA:203,2
DA:205,0
LF:114
LH:108
BRDA:18,0,0,3
BRDA:18,0,1,1
BRDA:25,1,0,1
BRDA:25,1,1,0
BRDA:41,2,0,1
BRDA:41,2,1,7
BRDA:42,3,0,2
BRDA:42,3,1,5
BRDA:48,4,0,2
BRDA:48,4,1,1
BRDA:89,5,0,1
BRDA:89,5,1,1
BRDA:92,6,0,1
BRDA:92,6,1,1
BRDA:92,7,0,2
BRDA:92,7,1,2
BRDA:94,8,0,1
BRDA:94,8,1,1
BRDA:112,9,0,3
BRDA:112,9,1,3
BRDA:112,10,0,6
BRDA:112,10,1,4
BRDA:134,11,0,2
BRDA:134,11,1,8
BRDA:138,12,0,0
BRDA:138,12,1,8
BRDA:145,13,0,2
BRDA:145,13,1,6
BRDA:145,14,0,8
BRDA:145,14,1,2
BRDA:145,14,2,2
BRDA:148,15,0,2
BRDA:148,15,1,0
BRDA:148,16,0,2
BRDA:148,16,1,2
BRDA:156,17,0,5
BRDA:156,17,1,3
BRDA:156,18,0,8
BRDA:156,18,1,5
BRDA:159,19,0,0
BRDA:159,19,1,1
BRDA:164,20,0,1
BRDA:164,20,1,3
BRDA:164,21,0,4
BRDA:164,21,1,4
BRDA:171,22,0,1
BRDA:171,22,1,2
BRDA:196,23,0,3
BRDA:196,23,1,0
BRDA:198,24,0,1
BRDA:198,24,1,2
BRDA:201,25,0,2
BRDA:201,25,1,0
BRF:53
BRH:47
end_of_record
TN:
SF:src\controllers\paymentController.js
FN:4,(anonymous_0)
FNF:1
FNH:1
FNDA:3,(anonymous_0)
DA:1,2
DA:2,2
DA:4,2
DA:5,3
DA:6,3
DA:7,3
DA:12,3
DA:14,2
LF:8
LH:8
BRF:0
BRH:0
end_of_record
TN:
SF:src\controllers\restaurantController.js
FN:4,(anonymous_0)
FN:27,(anonymous_1)
FN:44,(anonymous_2)
FN:58,(anonymous_3)
FN:68,(anonymous_4)
FNF:5
FNH:5
FNDA:2,(anonymous_0)
FNDA:1,(anonymous_1)
FNDA:2,(anonymous_2)
FNDA:3,(anonymous_3)
FNDA:2,(anonymous_4)
DA:1,3
DA:3,3
DA:5,2
DA:6,2
DA:8,2
DA:9,2
DA:11,2
DA:12,2
DA:13,2
DA:16,2
DA:18,2
DA:20,2
DA:21,2
DA:23,0
DA:24,0
DA:28,1
DA:29,1
DA:30,1
DA:31,1
DA:33,1
DA:34,1
DA:36,1
DA:37,1
DA:38,0
DA:40,0
DA:41,0
DA:45,2
DA:48,2
DA:49,2
DA:50,2
DA:52,2
DA:53,2
DA:55,0
DA:59,3
DA:60,3
DA:61,3
DA:62,1
DA:63,1
DA:65,0
DA:69,2
DA:70,2
DA:71,2
DA:72,2
DA:73,2
DA:75,0
LF:45
LH:37
BRDA:8,0,0,2
BRDA:8,0,1,2
BRDA:9,1,0,0
BRDA:9,1,1,2
BRDA:9,2,0,0
BRDA:9,2,1,2
BRDA:11,3,0,0
BRDA:11,3,1,2
BRDA:12,4,0,0
BRDA:12,4,1,2
BRDA:12,5,0,2
BRDA:12,5,1,0
BRDA:13,6,0,0
BRDA:13,6,1,2
BRDA:13,7,0,0
BRDA:13,7,1,2
BRDA:18,8,0,2
BRDA:18,8,1,0
BRDA:18,9,0,2
BRDA:18,9,1,2
BRDA:30,10,0,1
BRDA:30,10,1,1
BRDA:31,11,0,0
BRDA:31,11,1,1
BRDA:31,12,0,0
BRDA:31,12,1,1
BRDA:34,13,0,1
BRDA:34,13,1,0
BRDA:34,14,0,1
BRDA:34,14,1,1
BRDA:37,15,0,1
BRDA:37,15,1,0
BRDA:49,16,0,2
BRDA:49,16,1,0
BRDA:50,17,0,1
BRDA:50,17,1,1
BRDA:61,18,0,2
BRDA:61,18,1,1
BRDA:71,19,0,0
BRDA:71,19,1,2
BRF:40
BRH:26
end_of_record
TN:
SF:src\controllers\stripeController.js
FN:4,(anonymous_0)
FN:8,(anonymous_1)
FNF:2
FNH:2
FNDA:3,(anonymous_0)
FNDA:2,(anonymous_1)
DA:1,2
DA:2,2
DA:4,2
DA:5,3
DA:6,3
DA:8,3
DA:9,2
DA:10,2
DA:11,0
DA:13,2
DA:23,3
DA:36,3
DA:37,2
DA:40,3
DA:41,3
DA:43,2
DA:44,2
LF:17
LH:16
BRDA:10,0,0,0
BRDA:10,0,1,2
BRDA:10,1,0,2
BRDA:10,1,1,0
BRDA:27,2,0,3
BRDA:27,2,1,3
BRDA:28,3,0,3
BRDA:28,3,1,3
BRDA:36,4,0,2
BRDA:36,4,1,1
BRF:10
BRH:8
end_of_record
TN:
SF:src\controllers\userController.js
FN:2,(anonymous_0)
FN:14,(anonymous_1)
FN:31,(anonymous_2)
FN:52,(anonymous_3)
FN:62,(anonymous_4)
FN:76,(anonymous_5)
FN:102,(anonymous_6)
FNF:7
FNH:7
FNDA:2,(anonymous_0)
FNDA:5,(anonymous_1)
FNDA:3,(anonymous_2)
FNDA:2,(anonymous_3)
FNDA:5,(anonymous_4)
FNDA:10,(anonymous_5)
FNDA:6,(anonymous_6)
DA:2,6
DA:3,2
DA:4,2
DA:8,1
DA:10,1
DA:14,6
DA:15,5
DA:16,5
DA:17,5
DA:18,5
DA:19,5
DA:20,3
DA:21,3
DA:22,3
DA:23,3
DA:24,3
DA:25,2
DA:27,1
DA:31,6
DA:32,3
DA:33,3
DA:34,3
DA:35,3
DA:36,3
DA:38,3
DA:39,0
DA:40,3
DA:41,2
DA:43,1
DA:45,2
DA:46,1
DA:48,1
DA:52,6
DA:53,2
DA:54,2
DA:55,1
DA:57,1
DA:62,6
DA:63,5
DA:64,5
DA:65,5
DA:66,4
DA:67,2
DA:69,1
DA:72,6
DA:73,6
DA:74,6
DA:76,6
DA:77,10
DA:78,10
DA:80,10
DA:81,3
DA:83,7
DA:84,7
DA:85,7
DA:88,7
DA:89,7
DA:90,6
DA:91,6
DA:93,5
DA:94,5
DA:95,3
DA:97,2
DA:98,2
DA:102,6
DA:103,6
DA:104,6
DA:105,6
DA:106,5
DA:107,2
DA:109,3
DA:110,3
DA:112,1
LF:73
LH:72
BRDA:19,0,0,2
BRDA:19,0,1,3
BRDA:20,1,0,3
BRDA:20,1,1,0
BRDA:21,2,0,0
BRDA:21,2,1,3
BRDA:22,3,0,1
BRDA:22,3,1,2
BRDA:23,4,0,0
BRDA:23,4,1,3
BRDA:36,5,0,0
BRDA:36,5,1,3
BRDA:38,6,0,0
BRDA:38,6,1,3
BRDA:40,7,0,2
BRDA:40,7,1,1
BRDA:40,8,0,3
BRDA:40,8,1,2
BRDA:40,8,2,1
BRDA:66,9,0,2
BRDA:66,9,1,2
BRDA:80,10,0,3
BRDA:80,10,1,7
BRDA:80,11,0,10
BRDA:80,11,1,7
BRDA:80,11,2,7
BRDA:85,12,0,2
BRDA:85,12,1,5
BRDA:89,13,0,1
BRDA:89,13,1,6
BRDA:91,14,0,1
BRDA:91,14,1,5
BRDA:97,15,0,1
BRDA:97,15,1,1
BRDA:97,16,0,1
BRDA:97,16,1,0
BRDA:106,17,0,2
BRDA:106,17,1,3
BRDA:106,18,0,5
BRDA:106,18,1,4
BRF:40
BRH:34
end_of_record
TN:
SF:src\models\Cart.js
FN:8,(anonymous_0)
FNF:1
FNH:1
FNDA:9,(anonymous_0)
DA:1,13
DA:2,13
DA:4,13
DA:8,13
DA:9,9
DA:10,6
DA:13,13
LF:7
LH:7
BRF:0
BRH:0
end_of_record
TN:
SF:src\models\CartItem.js
FNF:0
FNH:0
DA:1,12
DA:2,12
DA:3,12
DA:5,12
DA:11,12
DA:13,10
LF:6
LH:6
BRF:0
BRH:0
end_of_record
TN:
SF:src\models\Drone.js
FN:36,(anonymous_0)
FNF:1
FNH:1
FNDA:6,(anonymous_0)
DA:1,10
DA:2,10
DA:4,10
DA:36,10
DA:37,6
DA:40,10
LF:6
LH:6
BRF:0
BRH:0
end_of_record
TN:
SF:src\models\Menu.js
FN:25,(anonymous_0)
FNF:1
FNH:1
FNDA:6,(anonymous_0)
DA:2,11
DA:3,11
DA:5,11
DA:25,11
DA:26,6
DA:29,11
LF:6
LH:6
BRF:0
BRH:0
end_of_record
TN:
SF:src\models\Order.js
FN:21,(anonymous_0)
FNF:1
FNH:1
FNDA:6,(anonymous_0)
DA:1,11
DA:2,11
DA:4,11
DA:21,11
DA:22,6
DA:23,6
DA:24,6
DA:27,11
LF:8
LH:8
BRF:0
BRH:0
end_of_record
TN:
SF:src\models\OrderDetail.js
FNF:0
FNH:0
DA:1,11
DA:2,11
DA:3,11
DA:4,11
DA:6,11
DA:13,11
DA:14,10
DA:16,10
LF:8
LH:8
BRF:0
BRH:0
end_of_record
TN:
SF:src\models\Restaurant.js
FN:49,(anonymous_0)
FNF:1
FNH:1
FNDA:6,(anonymous_0)
DA:1,10
DA:2,10
DA:4,10
DA:49,10
DA:50,6
DA:51,6
DA:54,10
LF:7
LH:7
BRF:0
BRH:0
end_of_record
TN:
SF:src\models\Review.js
FN:12,(anonymous_0)
FNF:1
FNH:1
FNDA:6,(anonymous_0)
DA:1,9
DA:2,9
DA:4,9
DA:12,9
DA:13,6
DA:14,6
DA:17,9
LF:7
LH:7
BRF:0
BRH:0
end_of_record
TN:
SF:src\models\User.js
FN:14,(anonymous_0)
FNF:1
FNH:1
FNDA:7,(anonymous_0)
DA:1,18
DA:2,18
DA:4,18
DA:14,10
DA:15,7
DA:16,6
DA:20,10
LF:7
LH:7
BRF:0
BRH:0
end_of_record
TN:
SF:src\models\index.js
FN:28,(anonymous_0)
FNF:1
FNH:1
FNDA:67,(anonymous_0)
DA:2,21
DA:3,21
DA:4,13
DA:5,13
DA:6,13
DA:7,12
DA:8,12
DA:9,10
DA:10,10
DA:11,10
DA:13,10
DA:26,10
DA:28,10
DA:29,67
DA:30,49
DA:34,6
LF:16
LH:16
BRDA:29,0,0,49
BRDA:29,0,1,18
BRF:2
BRH:2
end_of_record
TN:
SF:src\utils\droneDispatcher.js
FN:12,attemptAssignOne
FN:14,(anonymous_1)
FN:48,startDroneDispatcher
FN:50,(anonymous_3)
FN:54,runTick
FN:73,stopDroneDispatcher
FNF:6
FNH:6
FNDA:6,attemptAssignOne
FNDA:3,(anonymous_1)
FNDA:1,startDroneDispatcher
FNDA:2,(anonymous_3)
FNDA:3,runTick
FNDA:3,stopDroneDispatcher
DA:6,30
DA:7,30
DA:9,15
DA:10,15
DA:13,6
DA:14,6
DA:16,3
DA:23,3
DA:26,2
DA:32,2
DA:35,1
DA:36,1
DA:38,1
DA:40,1
DA:42,1
DA:43,1
DA:45,4
DA:49,1
DA:50,2
DA:51,1
DA:55,3
DA:56,2
DA:57,2
DA:58,2
DA:59,2
DA:60,1
DA:63,1
DA:64,1
DA:66,0
DA:69,2
DA:74,3
DA:75,1
DA:76,1
DA:77,1
DA:83,15
LF:35
LH:34
BRDA:23,0,0,1
BRDA:23,0,1,2
BRDA:32,1,0,1
BRDA:32,1,1,1
BRDA:48,2,0,0
BRDA:48,3,0,0
BRDA:48,4,0,0
BRDA:49,5,0,0
BRDA:49,5,1,1
BRDA:54,6,0,0
BRDA:54,7,0,0
BRDA:55,8,0,1
BRDA:55,8,1,2
BRDA:60,9,0,1
BRDA:60,9,1,0
BRDA:63,10,0,1
BRDA:63,10,1,0
BRDA:63,11,0,1
BRDA:63,11,1,1
BRDA:66,12,0,0
BRDA:66,12,1,0
BRDA:74,13,0,1
BRDA:74,13,1,2
BRF:23
BRH:13
end_of_record
TN:
SF:src\utils\errorHandler.js
FN:1,(anonymous_0)
FNF:1
FNH:1
FNDA:1,(anonymous_0)
DA:1,2
DA:2,1
DA:3,1
LF:3
LH:3
BRF:0
BRH:0
end_of_record
